=== SRR13708578 ===
Using contigs: /workspaces/Capstone/work/prokka/SRR13708578/SRR13708578.fna
Downloading SRR13708578 from ENA...
Downloaded paired-end FASTQ for SRR13708578
Building bowtie2 index for SRR13708578...
Settings:
  Output files: "/workspaces/Capstone/work/read_mapping/mapped/SRR13708578.contigs.idx.*.bt2"
  Line rate: 6 (line is 64 bytes)
  Lines per side: 1 (side is 64 bytes)
  Offset rate: 4 (one in 16)
  FTable chars: 10
  Strings: unpacked
  Max bucket size: default
  Max bucket size, sqrt multiplier: default
  Max bucket size, len divisor: 4
  Difference-cover sample period: 1024
  Endianness: little
  Actual local endianness: little
  Sanity checking: disabled
  Assertions: disabled
  Random seed: 0
  Sizeofs: void*:8, int:4, long:8, size_t:8
Input files DNA, FASTA:
  /workspaces/Capstone/work/prokka/SRR13708578/SRR13708578.fna
Building a SMALL index
Reading reference sizes
  Time reading reference sizes: 00:00:00
Calculating joined length
Writing header
Reserving space for joined string
Joining reference sequences
  Time to join reference sequences: 00:00:00
bmax according to bmaxDivN setting: 3054834
Using parameters --bmax 2291126 --dcv 1024
  Doing ahead-of-time memory usage test
  Passed!  Constructing with these parameters: --bmax 2291126 --dcv 1024
Constructing suffix-array element generator
Building DifferenceCoverSample
  Building sPrime
  Building sPrimeOrder
  V-Sorting samples
  V-Sorting samples time: 00:00:00
  Allocating rank array
  Ranking v-sort output
  Ranking v-sort output time: 00:00:00
  Invoking Larsson-Sadakane on ranks
  Invoking Larsson-Sadakane on ranks time: 00:00:00
  Sanity-checking and returning
Building samples
Reserving space for 12 sample suffixes
Generating random suffixes
QSorting 12 sample offsets, eliminating duplicates
QSorting sample offsets, eliminating duplicates time: 00:00:00
Multikey QSorting 12 samples
  (Using difference cover)
  Multikey QSorting samples time: 00:00:00
Calculating bucket sizes
Splitting and merging
  Splitting and merging time: 00:00:00
Split 1, merged 7; iterating...
Splitting and merging
  Splitting and merging time: 00:00:00
Split 1, merged 0; iterating...
Splitting and merging
  Splitting and merging time: 00:00:00
Avg bucket size: 1.74562e+06 (target: 2291125)
Converting suffix-array elements to index image
Allocating ftab, absorbFtab
Entering Ebwt loop
Getting block 1 of 7
  Reserving size (2291126) for bucket 1
  Calculating Z arrays for bucket 1
  Entering block accumulator loop for bucket 1:
  bucket 1: 10%
  bucket 1: 20%
  bucket 1: 30%
  bucket 1: 40%
  bucket 1: 50%
  bucket 1: 60%
  bucket 1: 70%
  bucket 1: 80%
  bucket 1: 90%
  bucket 1: 100%
  Sorting block of length 1792503 for bucket 1
  (Using difference cover)
  Sorting block time: 00:00:00
Returning block of 1792504 for bucket 1
Getting block 2 of 7
  Reserving size (2291126) for bucket 2
  Calculating Z arrays for bucket 2
  Entering block accumulator loop for bucket 2:
  bucket 2: 10%
  bucket 2: 20%
  bucket 2: 30%
  bucket 2: 40%
  bucket 2: 50%
  bucket 2: 60%
  bucket 2: 70%
  bucket 2: 80%
  bucket 2: 90%
  bucket 2: 100%
  Sorting block of length 1854187 for bucket 2
  (Using difference cover)
  Sorting block time: 00:00:00
Returning block of 1854188 for bucket 2
Getting block 3 of 7
  Reserving size (2291126) for bucket 3
  Calculating Z arrays for bucket 3
  Entering block accumulator loop for bucket 3:
  bucket 3: 10%
  bucket 3: 20%
  bucket 3: 30%
  bucket 3: 40%
  bucket 3: 50%
  bucket 3: 60%
  bucket 3: 70%
  bucket 3: 80%
  bucket 3: 90%
  bucket 3: 100%
  Sorting block of length 2089999 for bucket 3
  (Using difference cover)
  Sorting block time: 00:00:01
Returning block of 2090000 for bucket 3
Getting block 4 of 7
  Reserving size (2291126) for bucket 4
  Calculating Z arrays for bucket 4
  Entering block accumulator loop for bucket 4:
  bucket 4: 10%
  bucket 4: 20%
  bucket 4: 30%
  bucket 4: 40%
  bucket 4: 50%
  bucket 4: 60%
  bucket 4: 70%
  bucket 4: 80%
  bucket 4: 90%
  bucket 4: 100%
  Sorting block of length 2037491 for bucket 4
  (Using difference cover)
  Sorting block time: 00:00:00
Returning block of 2037492 for bucket 4
Getting block 5 of 7
  Reserving size (2291126) for bucket 5
  Calculating Z arrays for bucket 5
  Entering block accumulator loop for bucket 5:
  bucket 5: 10%
  bucket 5: 20%
  bucket 5: 30%
  bucket 5: 40%
  bucket 5: 50%
  bucket 5: 60%
  bucket 5: 70%
  bucket 5: 80%
  bucket 5: 90%
  bucket 5: 100%
  Sorting block of length 1337120 for bucket 5
  (Using difference cover)
  Sorting block time: 00:00:00
Returning block of 1337121 for bucket 5
Getting block 6 of 7
  Reserving size (2291126) for bucket 6
  Calculating Z arrays for bucket 6
  Entering block accumulator loop for bucket 6:
  bucket 6: 10%
  bucket 6: 20%
  bucket 6: 30%
  bucket 6: 40%
  bucket 6: 50%
  bucket 6: 60%
  bucket 6: 70%
  bucket 6: 80%
  bucket 6: 90%
  bucket 6: 100%
  Sorting block of length 1140952 for bucket 6
  (Using difference cover)
  Sorting block time: 00:00:00
Returning block of 1140953 for bucket 6
Getting block 7 of 7
  Reserving size (2291126) for bucket 7
  Calculating Z arrays for bucket 7
  Entering block accumulator loop for bucket 7:
  bucket 7: 10%
  bucket 7: 20%
  bucket 7: 30%
  bucket 7: 40%
  bucket 7: 50%
  bucket 7: 60%
  bucket 7: 70%
  bucket 7: 80%
  bucket 7: 90%
  bucket 7: 100%
  Sorting block of length 1967079 for bucket 7
  (Using difference cover)
  Sorting block time: 00:00:00
Returning block of 1967080 for bucket 7
Exited Ebwt loop
fchr[A]: 0
fchr[C]: 2066767
fchr[G]: 6142563
fchr[T]: 10198670
fchr[$]: 12219337
Exiting Ebwt::buildToDisk()
Returning from initFromVector
Wrote 9044486 bytes to primary EBWT file: /workspaces/Capstone/work/read_mapping/mapped/SRR13708578.contigs.idx.1.bt2.tmp
Wrote 3054840 bytes to secondary EBWT file: /workspaces/Capstone/work/read_mapping/mapped/SRR13708578.contigs.idx.2.bt2.tmp
Re-opening _in1 and _in2 as input streams
Returning from Ebwt constructor
Headers:
    len: 12219337
    bwtLen: 12219338
    sz: 3054835
    bwtSz: 3054835
    lineRate: 6
    offRate: 4
    offMask: 0xfffffff0
    ftabChars: 10
    eftabLen: 20
    eftabSz: 80
    ftabLen: 1048577
    ftabSz: 4194308
    offsLen: 763709
    offsSz: 3054836
    lineSz: 64
    sideSz: 64
    sideBwtSz: 48
    sideBwtLen: 192
    numSides: 63643
    numLines: 63643
    ebwtTotLen: 4073152
    ebwtTotSz: 4073152
    color: 0
    reverse: 0
Total time for call to driver() for forward index: 00:00:03
Reading reference sizes
  Time reading reference sizes: 00:00:00
Calculating joined length
Writing header
Reserving space for joined string
Joining reference sequences
  Time to join reference sequences: 00:00:00
  Time to reverse reference sequence: 00:00:00
bmax according to bmaxDivN setting: 3054834
Using parameters --bmax 2291126 --dcv 1024
  Doing ahead-of-time memory usage test
  Passed!  Constructing with these parameters: --bmax 2291126 --dcv 1024
Constructing suffix-array element generator
Building DifferenceCoverSample
  Building sPrime
  Building sPrimeOrder
  V-Sorting samples
  V-Sorting samples time: 00:00:00
  Allocating rank array
  Ranking v-sort output
  Ranking v-sort output time: 00:00:00
  Invoking Larsson-Sadakane on ranks
  Invoking Larsson-Sadakane on ranks time: 00:00:00
  Sanity-checking and returning
Building samples
Reserving space for 12 sample suffixes
Generating random suffixes
QSorting 12 sample offsets, eliminating duplicates
QSorting sample offsets, eliminating duplicates time: 00:00:00
Multikey QSorting 12 samples
  (Using difference cover)
  Multikey QSorting samples time: 00:00:00
Calculating bucket sizes
Splitting and merging
  Splitting and merging time: 00:00:00
Avg bucket size: 1.52742e+06 (target: 2291125)
Converting suffix-array elements to index image
Allocating ftab, absorbFtab
Entering Ebwt loop
Getting block 1 of 8
  Reserving size (2291126) for bucket 1
  Calculating Z arrays for bucket 1
  Entering block accumulator loop for bucket 1:
  bucket 1: 10%
  bucket 1: 20%
  bucket 1: 30%
  bucket 1: 40%
  bucket 1: 50%
  bucket 1: 60%
  bucket 1: 70%
  bucket 1: 80%
  bucket 1: 90%
  bucket 1: 100%
  Sorting block of length 1421229 for bucket 1
  (Using difference cover)
  Sorting block time: 00:00:00
Returning block of 1421230 for bucket 1
Getting block 2 of 8
  Reserving size (2291126) for bucket 2
  Calculating Z arrays for bucket 2
  Entering block accumulator loop for bucket 2:
  bucket 2: 10%
  bucket 2: 20%
  bucket 2: 30%
  bucket 2: 40%
  bucket 2: 50%
  bucket 2: 60%
  bucket 2: 70%
  bucket 2: 80%
  bucket 2: 90%
  bucket 2: 100%
  Sorting block of length 1639651 for bucket 2
  (Using difference cover)
  Sorting block time: 00:00:00
Returning block of 1639652 for bucket 2
Getting block 3 of 8
  Reserving size (2291126) for bucket 3
  Calculating Z arrays for bucket 3
  Entering block accumulator loop for bucket 3:
  bucket 3: 10%
  bucket 3: 20%
  bucket 3: 30%
  bucket 3: 40%
  bucket 3: 50%
  bucket 3: 60%
  bucket 3: 70%
  bucket 3: 80%
  bucket 3: 90%
  bucket 3: 100%
  Sorting block of length 1997021 for bucket 3
  (Using difference cover)
  Sorting block time: 00:00:01
Returning block of 1997022 for bucket 3
Getting block 4 of 8
  Reserving size (2291126) for bucket 4
  Calculating Z arrays for bucket 4
  Entering block accumulator loop for bucket 4:
  bucket 4: 10%
  bucket 4: 20%
  bucket 4: 30%
  bucket 4: 40%
  bucket 4: 50%
  bucket 4: 60%
  bucket 4: 70%
  bucket 4: 80%
  bucket 4: 90%
  bucket 4: 100%
  Sorting block of length 1721904 for bucket 4
  (Using difference cover)
  Sorting block time: 00:00:00
Returning block of 1721905 for bucket 4
Getting block 5 of 8
  Reserving size (2291126) for bucket 5
  Calculating Z arrays for bucket 5
  Entering block accumulator loop for bucket 5:
  bucket 5: 10%
  bucket 5: 20%
  bucket 5: 30%
  bucket 5: 40%
  bucket 5: 50%
  bucket 5: 60%
  bucket 5: 70%
  bucket 5: 80%
  bucket 5: 90%
  bucket 5: 100%
  Sorting block of length 1464839 for bucket 5
  (Using difference cover)
  Sorting block time: 00:00:00
Returning block of 1464840 for bucket 5
Getting block 6 of 8
  Reserving size (2291126) for bucket 6
  Calculating Z arrays for bucket 6
  Entering block accumulator loop for bucket 6:
  bucket 6: 10%
  bucket 6: 20%
  bucket 6: 30%
  bucket 6: 40%
  bucket 6: 50%
  bucket 6: 60%
  bucket 6: 70%
  bucket 6: 80%
  bucket 6: 90%
  bucket 6: 100%
  Sorting block of length 1651119 for bucket 6
  (Using difference cover)
  Sorting block time: 00:00:00
Returning block of 1651120 for bucket 6
Getting block 7 of 8
  Reserving size (2291126) for bucket 7
  Calculating Z arrays for bucket 7
  Entering block accumulator loop for bucket 7:
  bucket 7: 10%
  bucket 7: 20%
  bucket 7: 30%
  bucket 7: 40%
  bucket 7: 50%
  bucket 7: 60%
  bucket 7: 70%
  bucket 7: 80%
  bucket 7: 90%
  bucket 7: 100%
  Sorting block of length 1842661 for bucket 7
  (Using difference cover)
  Sorting block time: 00:00:00
Returning block of 1842662 for bucket 7
Getting block 8 of 8
  Reserving size (2291126) for bucket 8
  Calculating Z arrays for bucket 8
  Entering block accumulator loop for bucket 8:
  bucket 8: 10%
  bucket 8: 20%
  bucket 8: 30%
  bucket 8: 40%
  bucket 8: 50%
  bucket 8: 60%
  bucket 8: 70%
  bucket 8: 80%
  bucket 8: 90%
  bucket 8: 100%
  Sorting block of length 480906 for bucket 8
  (Using difference cover)
  Sorting block time: 00:00:00
Returning block of 480907 for bucket 8
Exited Ebwt loop
fchr[A]: 0
fchr[C]: 2066767
fchr[G]: 6142563
fchr[T]: 10198670
fchr[$]: 12219337
Exiting Ebwt::buildToDisk()
Returning from initFromVector
Wrote 9044486 bytes to primary EBWT file: /workspaces/Capstone/work/read_mapping/mapped/SRR13708578.contigs.idx.rev.1.bt2.tmp
Wrote 3054840 bytes to secondary EBWT file: /workspaces/Capstone/work/read_mapping/mapped/SRR13708578.contigs.idx.rev.2.bt2.tmp
Re-opening _in1 and _in2 as input streams
Returning from Ebwt constructor
Headers:
    len: 12219337
    bwtLen: 12219338
    sz: 3054835
    bwtSz: 3054835
    lineRate: 6
    offRate: 4
    offMask: 0xfffffff0
    ftabChars: 10
    eftabLen: 20
    eftabSz: 80
    ftabLen: 1048577
    ftabSz: 4194308
    offsLen: 763709
    offsSz: 3054836
    lineSz: 64
    sideSz: 64
    sideBwtSz: 48
    sideBwtLen: 192
    numSides: 63643
    numLines: 63643
    ebwtTotLen: 4073152
    ebwtTotSz: 4073152
    color: 0
    reverse: 1
Total time for backward call to driver() for mirror index: 00:00:03
Renaming /workspaces/Capstone/work/read_mapping/mapped/SRR13708578.contigs.idx.3.bt2.tmp to /workspaces/Capstone/work/read_mapping/mapped/SRR13708578.contigs.idx.3.bt2
Renaming /workspaces/Capstone/work/read_mapping/mapped/SRR13708578.contigs.idx.4.bt2.tmp to /workspaces/Capstone/work/read_mapping/mapped/SRR13708578.contigs.idx.4.bt2
Renaming /workspaces/Capstone/work/read_mapping/mapped/SRR13708578.contigs.idx.1.bt2.tmp to /workspaces/Capstone/work/read_mapping/mapped/SRR13708578.contigs.idx.1.bt2
Renaming /workspaces/Capstone/work/read_mapping/mapped/SRR13708578.contigs.idx.2.bt2.tmp to /workspaces/Capstone/work/read_mapping/mapped/SRR13708578.contigs.idx.2.bt2
Renaming /workspaces/Capstone/work/read_mapping/mapped/SRR13708578.contigs.idx.rev.1.bt2.tmp to /workspaces/Capstone/work/read_mapping/mapped/SRR13708578.contigs.idx.rev.1.bt2
Renaming /workspaces/Capstone/work/read_mapping/mapped/SRR13708578.contigs.idx.rev.2.bt2.tmp to /workspaces/Capstone/work/read_mapping/mapped/SRR13708578.contigs.idx.rev.2.bt2
Mapping SRR13708578...
[WARNING] Failed to launch x86-64-v3 version, staying with default
[WARNING] Failed to launch x86-64-v3 version, staying with default
4325980 reads; of these:
  4325980 (100.00%) were paired; of these:
    4161627 (96.20%) aligned concordantly 0 times
    155392 (3.59%) aligned concordantly exactly 1 time
    8961 (0.21%) aligned concordantly >1 times
    ----
    4161627 pairs aligned concordantly 0 times; of these:
      5487 (0.13%) aligned discordantly 1 time
    ----
    4156140 pairs aligned 0 times concordantly or discordantly; of these:
      8312280 mates make up the pairs; of these:
        8273772 (99.54%) aligned 0 times
        35996 (0.43%) aligned exactly 1 time
        2512 (0.03%) aligned >1 times
4.37% overall alignment rate
DONE SRR13708578 -> /workspaces/Capstone/work/read_mapping/mapped/SRR13708578.sorted.bam (FASTQ cleaned up)
=== SRR13708578 ===
Using contigs: /workspaces/Capstone/work/prokka/SRR13708578/SRR13708578.fna
SKIP: existing BAM found at /workspaces/Capstone/work/read_mapping/mapped/SRR13708578.sorted.bam
=== SRR13708578 ===
Using contigs: /workspaces/Capstone/work/prokka/SRR13708578/SRR13708578.fna
SKIP: existing BAM found at /workspaces/Capstone/work/read_mapping/mapped/SRR13708578.sorted.bam
=== SRR13708578 ===
Using contigs: /workspaces/Capstone/work/prokka/SRR13708578/SRR13708578.fna
SKIP: existing BAM found at /workspaces/Capstone/work/read_mapping/mapped/SRR13708578.sorted.bam
