=== SRR33876208 ===
Downloading SRR33876208 from ENA...
Downloaded paired-end FASTQ for SRR33876208
Building bowtie2 index for SRR33876208...
Settings:
  Output files: "/workspaces/Capstone/work/read_mapping/mapped/SRR33876208.contigs.idx.*.bt2"
  Line rate: 6 (line is 64 bytes)
  Lines per side: 1 (side is 64 bytes)
  Offset rate: 4 (one in 16)
  FTable chars: 10
  Strings: unpacked
  Max bucket size: default
  Max bucket size, sqrt multiplier: default
  Max bucket size, len divisor: 4
  Difference-cover sample period: 1024
  Endianness: little
  Actual local endianness: little
  Sanity checking: disabled
  Assertions: disabled
  Random seed: 0
  Sizeofs: void*:8, int:4, long:8, size_t:8
Input files DNA, FASTA:
  /workspaces/Capstone/work/assembly/SRR33876208/final.contigs.fa
Building a SMALL index
Reading reference sizes
  Time reading reference sizes: 00:00:01
Calculating joined length
Writing header
Reserving space for joined string
Joining reference sequences
  Time to join reference sequences: 00:00:00
bmax according to bmaxDivN setting: 38877985
Using parameters --bmax 29158489 --dcv 1024
  Doing ahead-of-time memory usage test
  Passed!  Constructing with these parameters: --bmax 29158489 --dcv 1024
Constructing suffix-array element generator
Building DifferenceCoverSample
  Building sPrime
  Building sPrimeOrder
  V-Sorting samples
  V-Sorting samples time: 00:00:01
  Allocating rank array
  Ranking v-sort output
  Ranking v-sort output time: 00:00:00
  Invoking Larsson-Sadakane on ranks
  Invoking Larsson-Sadakane on ranks time: 00:00:01
  Sanity-checking and returning
Building samples
Reserving space for 12 sample suffixes
Generating random suffixes
QSorting 12 sample offsets, eliminating duplicates
QSorting sample offsets, eliminating duplicates time: 00:00:00
Multikey QSorting 12 samples
  (Using difference cover)
  Multikey QSorting samples time: 00:00:00
Calculating bucket sizes
Splitting and merging
  Splitting and merging time: 00:00:00
Avg bucket size: 1.9439e+07 (target: 29158488)
Converting suffix-array elements to index image
Allocating ftab, absorbFtab
Entering Ebwt loop
Getting block 1 of 8
  Reserving size (29158489) for bucket 1
  Calculating Z arrays for bucket 1
  Entering block accumulator loop for bucket 1:
  bucket 1: 10%
  bucket 1: 20%
  bucket 1: 30%
  bucket 1: 40%
  bucket 1: 50%
  bucket 1: 60%
  bucket 1: 70%
  bucket 1: 80%
  bucket 1: 90%
  bucket 1: 100%
  Sorting block of length 21577001 for bucket 1
  (Using difference cover)
  Sorting block time: 00:00:03
Returning block of 21577002 for bucket 1
Getting block 2 of 8
  Reserving size (29158489) for bucket 2
  Calculating Z arrays for bucket 2
  Entering block accumulator loop for bucket 2:
  bucket 2: 10%
  bucket 2: 20%
  bucket 2: 30%
  bucket 2: 40%
  bucket 2: 50%
  bucket 2: 60%
  bucket 2: 70%
  bucket 2: 80%
  bucket 2: 90%
  bucket 2: 100%
  Sorting block of length 20711795 for bucket 2
  (Using difference cover)
  Sorting block time: 00:00:03
Returning block of 20711796 for bucket 2
Getting block 3 of 8
  Reserving size (29158489) for bucket 3
  Calculating Z arrays for bucket 3
  Entering block accumulator loop for bucket 3:
  bucket 3: 10%
  bucket 3: 20%
  bucket 3: 30%
  bucket 3: 40%
  bucket 3: 50%
  bucket 3: 60%
  bucket 3: 70%
  bucket 3: 80%
  bucket 3: 90%
  bucket 3: 100%
  Sorting block of length 25544313 for bucket 3
  (Using difference cover)
  Sorting block time: 00:00:03
Returning block of 25544314 for bucket 3
Getting block 4 of 8
  Reserving size (29158489) for bucket 4
  Calculating Z arrays for bucket 4
  Entering block accumulator loop for bucket 4:
  bucket 4: 10%
  bucket 4: 20%
  bucket 4: 30%
  bucket 4: 40%
  bucket 4: 50%
  bucket 4: 60%
  bucket 4: 70%
  bucket 4: 80%
  bucket 4: 90%
  bucket 4: 100%
  Sorting block of length 21651396 for bucket 4
  (Using difference cover)
  Sorting block time: 00:00:03
Returning block of 21651397 for bucket 4
Getting block 5 of 8
  Reserving size (29158489) for bucket 5
  Calculating Z arrays for bucket 5
  Entering block accumulator loop for bucket 5:
  bucket 5: 10%
  bucket 5: 20%
  bucket 5: 30%
  bucket 5: 40%
  bucket 5: 50%
  bucket 5: 60%
  bucket 5: 70%
  bucket 5: 80%
  bucket 5: 90%
  bucket 5: 100%
  Sorting block of length 14970781 for bucket 5
  (Using difference cover)
  Sorting block time: 00:00:02
Returning block of 14970782 for bucket 5
Getting block 6 of 8
  Reserving size (29158489) for bucket 6
  Calculating Z arrays for bucket 6
  Entering block accumulator loop for bucket 6:
  bucket 6: 10%
  bucket 6: 20%
  bucket 6: 30%
  bucket 6: 40%
  bucket 6: 50%
  bucket 6: 60%
  bucket 6: 70%
  bucket 6: 80%
  bucket 6: 90%
  bucket 6: 100%
  Sorting block of length 15806064 for bucket 6
  (Using difference cover)
  Sorting block time: 00:00:02
Returning block of 15806065 for bucket 6
Getting block 7 of 8
  Reserving size (29158489) for bucket 7
  Calculating Z arrays for bucket 7
  Entering block accumulator loop for bucket 7:
  bucket 7: 10%
  bucket 7: 20%
  bucket 7: 30%
  bucket 7: 40%
  bucket 7: 50%
  bucket 7: 60%
  bucket 7: 70%
  bucket 7: 80%
  bucket 7: 90%
  bucket 7: 100%
  Sorting block of length 13872292 for bucket 7
  (Using difference cover)
  Sorting block time: 00:00:01
Returning block of 13872293 for bucket 7
Getting block 8 of 8
  Reserving size (29158489) for bucket 8
  Calculating Z arrays for bucket 8
  Entering block accumulator loop for bucket 8:
  bucket 8: 10%
  bucket 8: 20%
  bucket 8: 30%
  bucket 8: 40%
  bucket 8: 50%
  bucket 8: 60%
  bucket 8: 70%
  bucket 8: 80%
  bucket 8: 90%
  bucket 8: 100%
  Sorting block of length 21378293 for bucket 8
  (Using difference cover)
  Sorting block time: 00:00:03
Returning block of 21378294 for bucket 8
Exited Ebwt loop
fchr[A]: 0
fchr[C]: 27960899
fchr[G]: 78138156
fchr[T]: 128138944
fchr[$]: 155511942
Exiting Ebwt::buildToDisk()
Returning from initFromVector
Wrote 71855519 bytes to primary EBWT file: /workspaces/Capstone/work/read_mapping/mapped/SRR33876208.contigs.idx.1.bt2.tmp
Wrote 38877992 bytes to secondary EBWT file: /workspaces/Capstone/work/read_mapping/mapped/SRR33876208.contigs.idx.2.bt2.tmp
Re-opening _in1 and _in2 as input streams
Returning from Ebwt constructor
Headers:
    len: 155511942
    bwtLen: 155511943
    sz: 38877986
    bwtSz: 38877986
    lineRate: 6
    offRate: 4
    offMask: 0xfffffff0
    ftabChars: 10
    eftabLen: 20
    eftabSz: 80
    ftabLen: 1048577
    ftabSz: 4194308
    offsLen: 9719497
    offsSz: 38877988
    lineSz: 64
    sideSz: 64
    sideBwtSz: 48
    sideBwtLen: 192
    numSides: 809959
    numLines: 809959
    ebwtTotLen: 51837376
    ebwtTotSz: 51837376
    color: 0
    reverse: 0
Total time for call to driver() for forward index: 00:00:59
Reading reference sizes
  Time reading reference sizes: 00:00:01
Calculating joined length
Writing header
Reserving space for joined string
Joining reference sequences
  Time to join reference sequences: 00:00:00
  Time to reverse reference sequence: 00:00:00
bmax according to bmaxDivN setting: 38877985
Using parameters --bmax 29158489 --dcv 1024
  Doing ahead-of-time memory usage test
  Passed!  Constructing with these parameters: --bmax 29158489 --dcv 1024
Constructing suffix-array element generator
Building DifferenceCoverSample
  Building sPrime
  Building sPrimeOrder
  V-Sorting samples
  V-Sorting samples time: 00:00:02
  Allocating rank array
  Ranking v-sort output
  Ranking v-sort output time: 00:00:00
  Invoking Larsson-Sadakane on ranks
  Invoking Larsson-Sadakane on ranks time: 00:00:01
  Sanity-checking and returning
Building samples
Reserving space for 12 sample suffixes
Generating random suffixes
QSorting 12 sample offsets, eliminating duplicates
QSorting sample offsets, eliminating duplicates time: 00:00:00
Multikey QSorting 12 samples
  (Using difference cover)
  Multikey QSorting samples time: 00:00:00
Calculating bucket sizes
Splitting and merging
  Splitting and merging time: 00:00:00
Split 1, merged 6; iterating...
Splitting and merging
  Splitting and merging time: 00:00:00
Split 1, merged 1; iterating...
Splitting and merging
  Splitting and merging time: 00:00:00
Split 1, merged 0; iterating...
Splitting and merging
  Splitting and merging time: 00:00:00
Avg bucket size: 1.9439e+07 (target: 29158488)
Converting suffix-array elements to index image
Allocating ftab, absorbFtab
Entering Ebwt loop
Getting block 1 of 8
  Reserving size (29158489) for bucket 1
  Calculating Z arrays for bucket 1
  Entering block accumulator loop for bucket 1:
  bucket 1: 10%
  bucket 1: 20%
  bucket 1: 30%
  bucket 1: 40%
  bucket 1: 50%
  bucket 1: 60%
  bucket 1: 70%
  bucket 1: 80%
  bucket 1: 90%
  bucket 1: 100%
  Sorting block of length 19019950 for bucket 1
  (Using difference cover)
  Sorting block time: 00:00:02
Returning block of 19019951 for bucket 1
Getting block 2 of 8
  Reserving size (29158489) for bucket 2
  Calculating Z arrays for bucket 2
  Entering block accumulator loop for bucket 2:
  bucket 2: 10%
  bucket 2: 20%
  bucket 2: 30%
  bucket 2: 40%
  bucket 2: 50%
  bucket 2: 60%
  bucket 2: 70%
  bucket 2: 80%
  bucket 2: 90%
  bucket 2: 100%
  Sorting block of length 16116156 for bucket 2
  (Using difference cover)
  Sorting block time: 00:00:02
Returning block of 16116157 for bucket 2
Getting block 3 of 8
  Reserving size (29158489) for bucket 3
  Calculating Z arrays for bucket 3
  Entering block accumulator loop for bucket 3:
  bucket 3: 10%
  bucket 3: 20%
  bucket 3: 30%
  bucket 3: 40%
  bucket 3: 50%
  bucket 3: 60%
  bucket 3: 70%
  bucket 3: 80%
  bucket 3: 90%
  bucket 3: 100%
  Sorting block of length 16400668 for bucket 3
  (Using difference cover)
  Sorting block time: 00:00:02
Returning block of 16400669 for bucket 3
Getting block 4 of 8
  Reserving size (29158489) for bucket 4
  Calculating Z arrays for bucket 4
  Entering block accumulator loop for bucket 4:
  bucket 4: 10%
  bucket 4: 20%
  bucket 4: 30%
  bucket 4: 40%
  bucket 4: 50%
  bucket 4: 60%
  bucket 4: 70%
  bucket 4: 80%
  bucket 4: 90%
  bucket 4: 100%
  Sorting block of length 27008177 for bucket 4
  (Using difference cover)
  Sorting block time: 00:00:03
Returning block of 27008178 for bucket 4
Getting block 5 of 8
  Reserving size (29158489) for bucket 5
  Calculating Z arrays for bucket 5
  Entering block accumulator loop for bucket 5:
  bucket 5: 10%
  bucket 5: 20%
  bucket 5: 30%
  bucket 5: 40%
  bucket 5: 50%
  bucket 5: 60%
  bucket 5: 70%
  bucket 5: 80%
  bucket 5: 90%
  bucket 5: 100%
  Sorting block of length 25350060 for bucket 5
  (Using difference cover)
  Sorting block time: 00:00:03
Returning block of 25350061 for bucket 5
Getting block 6 of 8
  Reserving size (29158489) for bucket 6
  Calculating Z arrays for bucket 6
  Entering block accumulator loop for bucket 6:
  bucket 6: 10%
  bucket 6: 20%
  bucket 6: 30%
  bucket 6: 40%
  bucket 6: 50%
  bucket 6: 60%
  bucket 6: 70%
  bucket 6: 80%
  bucket 6: 90%
  bucket 6: 100%
  Sorting block of length 18482514 for bucket 6
  (Using difference cover)
  Sorting block time: 00:00:03
Returning block of 18482515 for bucket 6
Getting block 7 of 8
  Reserving size (29158489) for bucket 7
  Calculating Z arrays for bucket 7
  Entering block accumulator loop for bucket 7:
  bucket 7: 10%
  bucket 7: 20%
  bucket 7: 30%
  bucket 7: 40%
  bucket 7: 50%
  bucket 7: 60%
  bucket 7: 70%
  bucket 7: 80%
  bucket 7: 90%
  bucket 7: 100%
  Sorting block of length 12471227 for bucket 7
  (Using difference cover)
  Sorting block time: 00:00:01
Returning block of 12471228 for bucket 7
Getting block 8 of 8
  Reserving size (29158489) for bucket 8
  Calculating Z arrays for bucket 8
  Entering block accumulator loop for bucket 8:
  bucket 8: 10%
  bucket 8: 20%
  bucket 8: 30%
  bucket 8: 40%
  bucket 8: 50%
  bucket 8: 60%
  bucket 8: 70%
  bucket 8: 80%
  bucket 8: 90%
  bucket 8: 100%
  Sorting block of length 20663183 for bucket 8
  (Using difference cover)
  Sorting block time: 00:00:02
Returning block of 20663184 for bucket 8
Exited Ebwt loop
fchr[A]: 0
fchr[C]: 27960899
fchr[G]: 78138156
fchr[T]: 128138944
fchr[$]: 155511942
Exiting Ebwt::buildToDisk()
Returning from initFromVector
Wrote 71855519 bytes to primary EBWT file: /workspaces/Capstone/work/read_mapping/mapped/SRR33876208.contigs.idx.rev.1.bt2.tmp
Wrote 38877992 bytes to secondary EBWT file: /workspaces/Capstone/work/read_mapping/mapped/SRR33876208.contigs.idx.rev.2.bt2.tmp
Re-opening _in1 and _in2 as input streams
Returning from Ebwt constructor
Headers:
    len: 155511942
    bwtLen: 155511943
    sz: 38877986
    bwtSz: 38877986
    lineRate: 6
    offRate: 4
    offMask: 0xfffffff0
    ftabChars: 10
    eftabLen: 20
    eftabSz: 80
    ftabLen: 1048577
    ftabSz: 4194308
    offsLen: 9719497
    offsSz: 38877988
    lineSz: 64
    sideSz: 64
    sideBwtSz: 48
    sideBwtLen: 192
    numSides: 809959
    numLines: 809959
    ebwtTotLen: 51837376
    ebwtTotSz: 51837376
    color: 0
    reverse: 1
Total time for backward call to driver() for mirror index: 00:01:09
Renaming /workspaces/Capstone/work/read_mapping/mapped/SRR33876208.contigs.idx.3.bt2.tmp to /workspaces/Capstone/work/read_mapping/mapped/SRR33876208.contigs.idx.3.bt2
Renaming /workspaces/Capstone/work/read_mapping/mapped/SRR33876208.contigs.idx.4.bt2.tmp to /workspaces/Capstone/work/read_mapping/mapped/SRR33876208.contigs.idx.4.bt2
Renaming /workspaces/Capstone/work/read_mapping/mapped/SRR33876208.contigs.idx.1.bt2.tmp to /workspaces/Capstone/work/read_mapping/mapped/SRR33876208.contigs.idx.1.bt2
Renaming /workspaces/Capstone/work/read_mapping/mapped/SRR33876208.contigs.idx.2.bt2.tmp to /workspaces/Capstone/work/read_mapping/mapped/SRR33876208.contigs.idx.2.bt2
Renaming /workspaces/Capstone/work/read_mapping/mapped/SRR33876208.contigs.idx.rev.1.bt2.tmp to /workspaces/Capstone/work/read_mapping/mapped/SRR33876208.contigs.idx.rev.1.bt2
Renaming /workspaces/Capstone/work/read_mapping/mapped/SRR33876208.contigs.idx.rev.2.bt2.tmp to /workspaces/Capstone/work/read_mapping/mapped/SRR33876208.contigs.idx.rev.2.bt2
Mapping SRR33876208...
[WARNING] Failed to launch x86-64-v3 version, staying with default
[WARNING] Failed to launch x86-64-v3 version, staying with default
10692521 reads; of these:
  10692521 (100.00%) were paired; of these:
    9202975 (86.07%) aligned concordantly 0 times
    1390856 (13.01%) aligned concordantly exactly 1 time
    98690 (0.92%) aligned concordantly >1 times
    ----
    9202975 pairs aligned concordantly 0 times; of these:
      258033 (2.80%) aligned discordantly 1 time
    ----
    8944942 pairs aligned 0 times concordantly or discordantly; of these:
      17889884 mates make up the pairs; of these:
        16995116 (95.00%) aligned 0 times
        724165 (4.05%) aligned exactly 1 time
        170603 (0.95%) aligned >1 times
20.53% overall alignment rate
DONE SRR33876208 -> /workspaces/Capstone/work/read_mapping/mapped/SRR33876208.sorted.bam (FASTQ cleaned up)
=== SRR33876208 ===
Using contigs: /workspaces/Capstone/work/prokka/SRR33876208/SRR33876208.fna
Downloading SRR33876208 from ENA...
Downloaded paired-end FASTQ for SRR33876208
Building bowtie2 index for SRR33876208...
Settings:
  Output files: "/workspaces/Capstone/work/read_mapping/mapped/SRR33876208.contigs.idx.*.bt2"
  Line rate: 6 (line is 64 bytes)
  Lines per side: 1 (side is 64 bytes)
  Offset rate: 4 (one in 16)
  FTable chars: 10
  Strings: unpacked
  Max bucket size: default
  Max bucket size, sqrt multiplier: default
  Max bucket size, len divisor: 4
  Difference-cover sample period: 1024
  Endianness: little
  Actual local endianness: little
  Sanity checking: disabled
  Assertions: disabled
  Random seed: 0
  Sizeofs: void*:8, int:4, long:8, size_t:8
Input files DNA, FASTA:
  /workspaces/Capstone/work/prokka/SRR33876208/SRR33876208.fna
Building a SMALL index
Reading reference sizes
  Time reading reference sizes: 00:00:01
Calculating joined length
Writing header
Reserving space for joined string
Joining reference sequences
  Time to join reference sequences: 00:00:01
bmax according to bmaxDivN setting: 38877985
Using parameters --bmax 29158489 --dcv 1024
  Doing ahead-of-time memory usage test
  Passed!  Constructing with these parameters: --bmax 29158489 --dcv 1024
Constructing suffix-array element generator
Building DifferenceCoverSample
  Building sPrime
  Building sPrimeOrder
  V-Sorting samples
  V-Sorting samples time: 00:00:01
  Allocating rank array
  Ranking v-sort output
  Ranking v-sort output time: 00:00:01
  Invoking Larsson-Sadakane on ranks
  Invoking Larsson-Sadakane on ranks time: 00:00:01
  Sanity-checking and returning
Building samples
Reserving space for 12 sample suffixes
Generating random suffixes
QSorting 12 sample offsets, eliminating duplicates
QSorting sample offsets, eliminating duplicates time: 00:00:00
Multikey QSorting 12 samples
  (Using difference cover)
  Multikey QSorting samples time: 00:00:00
Calculating bucket sizes
Splitting and merging
  Splitting and merging time: 00:00:00
Avg bucket size: 1.9439e+07 (target: 29158488)
Converting suffix-array elements to index image
Allocating ftab, absorbFtab
Entering Ebwt loop
Getting block 1 of 8
  Reserving size (29158489) for bucket 1
  Calculating Z arrays for bucket 1
  Entering block accumulator loop for bucket 1:
  bucket 1: 10%
  bucket 1: 20%
  bucket 1: 30%
  bucket 1: 40%
  bucket 1: 50%
  bucket 1: 60%
  bucket 1: 70%
  bucket 1: 80%
  bucket 1: 90%
  bucket 1: 100%
  Sorting block of length 21577001 for bucket 1
  (Using difference cover)
  Sorting block time: 00:00:03
Returning block of 21577002 for bucket 1
Getting block 2 of 8
  Reserving size (29158489) for bucket 2
  Calculating Z arrays for bucket 2
  Entering block accumulator loop for bucket 2:
  bucket 2: 10%
  bucket 2: 20%
  bucket 2: 30%
  bucket 2: 40%
  bucket 2: 50%
  bucket 2: 60%
  bucket 2: 70%
  bucket 2: 80%
  bucket 2: 90%
  bucket 2: 100%
  Sorting block of length 20711795 for bucket 2
  (Using difference cover)
  Sorting block time: 00:00:03
Returning block of 20711796 for bucket 2
Getting block 3 of 8
  Reserving size (29158489) for bucket 3
  Calculating Z arrays for bucket 3
  Entering block accumulator loop for bucket 3:
  bucket 3: 10%
  bucket 3: 20%
  bucket 3: 30%
  bucket 3: 40%
  bucket 3: 50%
  bucket 3: 60%
  bucket 3: 70%
  bucket 3: 80%
  bucket 3: 90%
  bucket 3: 100%
  Sorting block of length 25544313 for bucket 3
  (Using difference cover)
  Sorting block time: 00:00:04
Returning block of 25544314 for bucket 3
Getting block 4 of 8
  Reserving size (29158489) for bucket 4
  Calculating Z arrays for bucket 4
  Entering block accumulator loop for bucket 4:
  bucket 4: 10%
  bucket 4: 20%
  bucket 4: 30%
  bucket 4: 40%
  bucket 4: 50%
  bucket 4: 60%
  bucket 4: 70%
  bucket 4: 80%
  bucket 4: 90%
  bucket 4: 100%
  Sorting block of length 21651396 for bucket 4
  (Using difference cover)
  Sorting block time: 00:00:03
Returning block of 21651397 for bucket 4
Getting block 5 of 8
  Reserving size (29158489) for bucket 5
  Calculating Z arrays for bucket 5
  Entering block accumulator loop for bucket 5:
  bucket 5: 10%
  bucket 5: 20%
  bucket 5: 30%
  bucket 5: 40%
  bucket 5: 50%
  bucket 5: 60%
  bucket 5: 70%
  bucket 5: 80%
  bucket 5: 90%
  bucket 5: 100%
  Sorting block of length 14970781 for bucket 5
  (Using difference cover)
  Sorting block time: 00:00:02
Returning block of 14970782 for bucket 5
Getting block 6 of 8
  Reserving size (29158489) for bucket 6
  Calculating Z arrays for bucket 6
  Entering block accumulator loop for bucket 6:
  bucket 6: 10%
  bucket 6: 20%
  bucket 6: 30%
  bucket 6: 40%
  bucket 6: 50%
  bucket 6: 60%
  bucket 6: 70%
  bucket 6: 80%
  bucket 6: 90%
  bucket 6: 100%
  Sorting block of length 15806064 for bucket 6
  (Using difference cover)
  Sorting block time: 00:00:02
Returning block of 15806065 for bucket 6
Getting block 7 of 8
  Reserving size (29158489) for bucket 7
  Calculating Z arrays for bucket 7
  Entering block accumulator loop for bucket 7:
  bucket 7: 10%
  bucket 7: 20%
  bucket 7: 30%
  bucket 7: 40%
  bucket 7: 50%
  bucket 7: 60%
  bucket 7: 70%
  bucket 7: 80%
  bucket 7: 90%
  bucket 7: 100%
  Sorting block of length 13872292 for bucket 7
  (Using difference cover)
  Sorting block time: 00:00:02
Returning block of 13872293 for bucket 7
Getting block 8 of 8
  Reserving size (29158489) for bucket 8
  Calculating Z arrays for bucket 8
  Entering block accumulator loop for bucket 8:
  bucket 8: 10%
  bucket 8: 20%
  bucket 8: 30%
  bucket 8: 40%
  bucket 8: 50%
  bucket 8: 60%
  bucket 8: 70%
  bucket 8: 80%
  bucket 8: 90%
  bucket 8: 100%
  Sorting block of length 21378293 for bucket 8
  (Using difference cover)
  Sorting block time: 00:00:03
Returning block of 21378294 for bucket 8
Exited Ebwt loop
fchr[A]: 0
fchr[C]: 27960899
fchr[G]: 78138156
fchr[T]: 128138944
fchr[$]: 155511942
Exiting Ebwt::buildToDisk()
Returning from initFromVector
Wrote 63878211 bytes to primary EBWT file: /workspaces/Capstone/work/read_mapping/mapped/SRR33876208.contigs.idx.1.bt2.tmp
Wrote 38877992 bytes to secondary EBWT file: /workspaces/Capstone/work/read_mapping/mapped/SRR33876208.contigs.idx.2.bt2.tmp
Re-opening _in1 and _in2 as input streams
Returning from Ebwt constructor
Headers:
    len: 155511942
    bwtLen: 155511943
    sz: 38877986
    bwtSz: 38877986
    lineRate: 6
    offRate: 4
    offMask: 0xfffffff0
    ftabChars: 10
    eftabLen: 20
    eftabSz: 80
    ftabLen: 1048577
    ftabSz: 4194308
    offsLen: 9719497
    offsSz: 38877988
    lineSz: 64
    sideSz: 64
    sideBwtSz: 48
    sideBwtLen: 192
    numSides: 809959
    numLines: 809959
    ebwtTotLen: 51837376
    ebwtTotSz: 51837376
    color: 0
    reverse: 0
Total time for call to driver() for forward index: 00:00:59
Reading reference sizes
  Time reading reference sizes: 00:00:01
Calculating joined length
Writing header
Reserving space for joined string
Joining reference sequences
  Time to join reference sequences: 00:00:01
  Time to reverse reference sequence: 00:00:00
bmax according to bmaxDivN setting: 38877985
Using parameters --bmax 29158489 --dcv 1024
  Doing ahead-of-time memory usage test
  Passed!  Constructing with these parameters: --bmax 29158489 --dcv 1024
Constructing suffix-array element generator
Building DifferenceCoverSample
  Building sPrime
  Building sPrimeOrder
  V-Sorting samples
  V-Sorting samples time: 00:00:02
  Allocating rank array
  Ranking v-sort output
  Ranking v-sort output time: 00:00:00
  Invoking Larsson-Sadakane on ranks
  Invoking Larsson-Sadakane on ranks time: 00:00:01
  Sanity-checking and returning
Building samples
Reserving space for 12 sample suffixes
Generating random suffixes
QSorting 12 sample offsets, eliminating duplicates
QSorting sample offsets, eliminating duplicates time: 00:00:00
Multikey QSorting 12 samples
  (Using difference cover)
  Multikey QSorting samples time: 00:00:00
Calculating bucket sizes
Splitting and merging
  Splitting and merging time: 00:00:00
Split 1, merged 6; iterating...
Splitting and merging
  Splitting and merging time: 00:00:00
Split 1, merged 1; iterating...
Splitting and merging
  Splitting and merging time: 00:00:00
Split 1, merged 0; iterating...
Splitting and merging
  Splitting and merging time: 00:00:00
Avg bucket size: 1.9439e+07 (target: 29158488)
Converting suffix-array elements to index image
Allocating ftab, absorbFtab
Entering Ebwt loop
Getting block 1 of 8
  Reserving size (29158489) for bucket 1
  Calculating Z arrays for bucket 1
  Entering block accumulator loop for bucket 1:
  bucket 1: 10%
  bucket 1: 20%
  bucket 1: 30%
  bucket 1: 40%
  bucket 1: 50%
  bucket 1: 60%
  bucket 1: 70%
  bucket 1: 80%
  bucket 1: 90%
  bucket 1: 100%
  Sorting block of length 19019950 for bucket 1
  (Using difference cover)
  Sorting block time: 00:00:03
Returning block of 19019951 for bucket 1
Getting block 2 of 8
  Reserving size (29158489) for bucket 2
  Calculating Z arrays for bucket 2
  Entering block accumulator loop for bucket 2:
  bucket 2: 10%
  bucket 2: 20%
  bucket 2: 30%
  bucket 2: 40%
  bucket 2: 50%
  bucket 2: 60%
  bucket 2: 70%
  bucket 2: 80%
  bucket 2: 90%
  bucket 2: 100%
  Sorting block of length 16116156 for bucket 2
  (Using difference cover)
  Sorting block time: 00:00:02
Returning block of 16116157 for bucket 2
Getting block 3 of 8
  Reserving size (29158489) for bucket 3
  Calculating Z arrays for bucket 3
  Entering block accumulator loop for bucket 3:
  bucket 3: 10%
  bucket 3: 20%
  bucket 3: 30%
  bucket 3: 40%
  bucket 3: 50%
  bucket 3: 60%
  bucket 3: 70%
  bucket 3: 80%
  bucket 3: 90%
  bucket 3: 100%
  Sorting block of length 16400668 for bucket 3
  (Using difference cover)
  Sorting block time: 00:00:02
Returning block of 16400669 for bucket 3
Getting block 4 of 8
  Reserving size (29158489) for bucket 4
  Calculating Z arrays for bucket 4
  Entering block accumulator loop for bucket 4:
  bucket 4: 10%
  bucket 4: 20%
  bucket 4: 30%
  bucket 4: 40%
  bucket 4: 50%
  bucket 4: 60%
  bucket 4: 70%
  bucket 4: 80%
  bucket 4: 90%
  bucket 4: 100%
  Sorting block of length 27008177 for bucket 4
  (Using difference cover)
  Sorting block time: 00:00:03
Returning block of 27008178 for bucket 4
Getting block 5 of 8
  Reserving size (29158489) for bucket 5
  Calculating Z arrays for bucket 5
  Entering block accumulator loop for bucket 5:
  bucket 5: 10%
  bucket 5: 20%
  bucket 5: 30%
  bucket 5: 40%
  bucket 5: 50%
  bucket 5: 60%
  bucket 5: 70%
  bucket 5: 80%
  bucket 5: 90%
  bucket 5: 100%
  Sorting block of length 25350060 for bucket 5
  (Using difference cover)
  Sorting block time: 00:00:03
Returning block of 25350061 for bucket 5
Getting block 6 of 8
  Reserving size (29158489) for bucket 6
  Calculating Z arrays for bucket 6
  Entering block accumulator loop for bucket 6:
  bucket 6: 10%
  bucket 6: 20%
  bucket 6: 30%
  bucket 6: 40%
  bucket 6: 50%
  bucket 6: 60%
  bucket 6: 70%
  bucket 6: 80%
  bucket 6: 90%
  bucket 6: 100%
  Sorting block of length 18482514 for bucket 6
  (Using difference cover)
  Sorting block time: 00:00:02
Returning block of 18482515 for bucket 6
Getting block 7 of 8
  Reserving size (29158489) for bucket 7
  Calculating Z arrays for bucket 7
  Entering block accumulator loop for bucket 7:
  bucket 7: 10%
  bucket 7: 20%
  bucket 7: 30%
  bucket 7: 40%
  bucket 7: 50%
  bucket 7: 60%
  bucket 7: 70%
  bucket 7: 80%
  bucket 7: 90%
  bucket 7: 100%
  Sorting block of length 12471227 for bucket 7
  (Using difference cover)
  Sorting block time: 00:00:02
Returning block of 12471228 for bucket 7
Getting block 8 of 8
  Reserving size (29158489) for bucket 8
  Calculating Z arrays for bucket 8
  Entering block accumulator loop for bucket 8:
  bucket 8: 10%
  bucket 8: 20%
  bucket 8: 30%
  bucket 8: 40%
  bucket 8: 50%
  bucket 8: 60%
  bucket 8: 70%
  bucket 8: 80%
  bucket 8: 90%
  bucket 8: 100%
  Sorting block of length 20663183 for bucket 8
  (Using difference cover)
  Sorting block time: 00:00:03
Returning block of 20663184 for bucket 8
Exited Ebwt loop
fchr[A]: 0
fchr[C]: 27960899
fchr[G]: 78138156
fchr[T]: 128138944
fchr[$]: 155511942
Exiting Ebwt::buildToDisk()
Returning from initFromVector
Wrote 63878211 bytes to primary EBWT file: /workspaces/Capstone/work/read_mapping/mapped/SRR33876208.contigs.idx.rev.1.bt2.tmp
Wrote 38877992 bytes to secondary EBWT file: /workspaces/Capstone/work/read_mapping/mapped/SRR33876208.contigs.idx.rev.2.bt2.tmp
Re-opening _in1 and _in2 as input streams
Returning from Ebwt constructor
Headers:
    len: 155511942
    bwtLen: 155511943
    sz: 38877986
    bwtSz: 38877986
    lineRate: 6
    offRate: 4
    offMask: 0xfffffff0
    ftabChars: 10
    eftabLen: 20
    eftabSz: 80
    ftabLen: 1048577
    ftabSz: 4194308
    offsLen: 9719497
    offsSz: 38877988
    lineSz: 64
    sideSz: 64
    sideBwtSz: 48
    sideBwtLen: 192
    numSides: 809959
    numLines: 809959
    ebwtTotLen: 51837376
    ebwtTotSz: 51837376
    color: 0
    reverse: 1
Total time for backward call to driver() for mirror index: 00:01:08
Renaming /workspaces/Capstone/work/read_mapping/mapped/SRR33876208.contigs.idx.3.bt2.tmp to /workspaces/Capstone/work/read_mapping/mapped/SRR33876208.contigs.idx.3.bt2
Renaming /workspaces/Capstone/work/read_mapping/mapped/SRR33876208.contigs.idx.4.bt2.tmp to /workspaces/Capstone/work/read_mapping/mapped/SRR33876208.contigs.idx.4.bt2
Renaming /workspaces/Capstone/work/read_mapping/mapped/SRR33876208.contigs.idx.1.bt2.tmp to /workspaces/Capstone/work/read_mapping/mapped/SRR33876208.contigs.idx.1.bt2
Renaming /workspaces/Capstone/work/read_mapping/mapped/SRR33876208.contigs.idx.2.bt2.tmp to /workspaces/Capstone/work/read_mapping/mapped/SRR33876208.contigs.idx.2.bt2
Renaming /workspaces/Capstone/work/read_mapping/mapped/SRR33876208.contigs.idx.rev.1.bt2.tmp to /workspaces/Capstone/work/read_mapping/mapped/SRR33876208.contigs.idx.rev.1.bt2
Renaming /workspaces/Capstone/work/read_mapping/mapped/SRR33876208.contigs.idx.rev.2.bt2.tmp to /workspaces/Capstone/work/read_mapping/mapped/SRR33876208.contigs.idx.rev.2.bt2
Mapping SRR33876208...
[WARNING] Failed to launch x86-64-v3 version, staying with default
[WARNING] Failed to launch x86-64-v3 version, staying with default
10692521 reads; of these:
  10692521 (100.00%) were paired; of these:
    9202975 (86.07%) aligned concordantly 0 times
    1390856 (13.01%) aligned concordantly exactly 1 time
    98690 (0.92%) aligned concordantly >1 times
    ----
    9202975 pairs aligned concordantly 0 times; of these:
      258033 (2.80%) aligned discordantly 1 time
    ----
    8944942 pairs aligned 0 times concordantly or discordantly; of these:
      17889884 mates make up the pairs; of these:
        16995116 (95.00%) aligned 0 times
        724165 (4.05%) aligned exactly 1 time
        170603 (0.95%) aligned >1 times
20.53% overall alignment rate
DONE SRR33876208 -> /workspaces/Capstone/work/read_mapping/mapped/SRR33876208.sorted.bam (FASTQ cleaned up)
=== SRR33876208 ===
Using contigs: /workspaces/Capstone/work/prokka/SRR33876208/SRR33876208.fna
SKIP: existing BAM found at /workspaces/Capstone/work/read_mapping/mapped/SRR33876208.sorted.bam
=== SRR33876208 ===
Using contigs: /workspaces/Capstone/work/prokka/SRR33876208/SRR33876208.fna
SKIP: existing BAM found at /workspaces/Capstone/work/read_mapping/mapped/SRR33876208.sorted.bam
=== SRR33876208 ===
Using contigs: /workspaces/Capstone/work/prokka/SRR33876208/SRR33876208.fna
SKIP: existing BAM found at /workspaces/Capstone/work/read_mapping/mapped/SRR33876208.sorted.bam
