=== SRR32256218 ===
Downloading SRR32256218 from ENA...
Downloaded paired-end FASTQ for SRR32256218
Building bowtie2 index for SRR32256218...
Settings:
  Output files: "/workspaces/Capstone/work/read_mapping/mapped/SRR32256218.contigs.idx.*.bt2"
  Line rate: 6 (line is 64 bytes)
  Lines per side: 1 (side is 64 bytes)
  Offset rate: 4 (one in 16)
  FTable chars: 10
  Strings: unpacked
  Max bucket size: default
  Max bucket size, sqrt multiplier: default
  Max bucket size, len divisor: 4
  Difference-cover sample period: 1024
  Endianness: little
  Actual local endianness: little
  Sanity checking: disabled
  Assertions: disabled
  Random seed: 0
  Sizeofs: void*:8, int:4, long:8, size_t:8
Input files DNA, FASTA:
  /workspaces/Capstone/work/assembly/SRR32256218/final.contigs.fa
Building a SMALL index
Reading reference sizes
  Time reading reference sizes: 00:00:05
Calculating joined length
Writing header
Reserving space for joined string
Joining reference sequences
  Time to join reference sequences: 00:00:01
bmax according to bmaxDivN setting: 23254586
Using parameters --bmax 17440940 --dcv 1024
  Doing ahead-of-time memory usage test
  Passed!  Constructing with these parameters: --bmax 17440940 --dcv 1024
Constructing suffix-array element generator
Building DifferenceCoverSample
  Building sPrime
  Building sPrimeOrder
  V-Sorting samples
  V-Sorting samples time: 00:00:01
  Allocating rank array
  Ranking v-sort output
  Ranking v-sort output time: 00:00:00
  Invoking Larsson-Sadakane on ranks
  Invoking Larsson-Sadakane on ranks time: 00:00:00
  Sanity-checking and returning
Building samples
Reserving space for 12 sample suffixes
Generating random suffixes
QSorting 12 sample offsets, eliminating duplicates
QSorting sample offsets, eliminating duplicates time: 00:00:00
Multikey QSorting 12 samples
  (Using difference cover)
  Multikey QSorting samples time: 00:00:00
Calculating bucket sizes
Splitting and merging
  Splitting and merging time: 00:00:00
Split 1, merged 8; iterating...
Splitting and merging
  Splitting and merging time: 00:00:00
Split 1, merged 1; iterating...
Splitting and merging
  Splitting and merging time: 00:00:00
Avg bucket size: 1.55031e+07 (target: 17440939)
Converting suffix-array elements to index image
Allocating ftab, absorbFtab
Entering Ebwt loop
Getting block 1 of 6
  Reserving size (17440940) for bucket 1
  Calculating Z arrays for bucket 1
  Entering block accumulator loop for bucket 1:
  bucket 1: 10%
  bucket 1: 20%
  bucket 1: 30%
  bucket 1: 40%
  bucket 1: 50%
  bucket 1: 60%
  bucket 1: 70%
  bucket 1: 80%
  bucket 1: 90%
  bucket 1: 100%
  Sorting block of length 14017408 for bucket 1
  (Using difference cover)
  Sorting block time: 00:00:02
Returning block of 14017409 for bucket 1
Getting block 2 of 6
  Reserving size (17440940) for bucket 2
  Calculating Z arrays for bucket 2
  Entering block accumulator loop for bucket 2:
  bucket 2: 10%
  bucket 2: 20%
  bucket 2: 30%
  bucket 2: 40%
  bucket 2: 50%
  bucket 2: 60%
  bucket 2: 70%
  bucket 2: 80%
  bucket 2: 90%
  bucket 2: 100%
  Sorting block of length 17311411 for bucket 2
  (Using difference cover)
  Sorting block time: 00:00:02
Returning block of 17311412 for bucket 2
Getting block 3 of 6
  Reserving size (17440940) for bucket 3
  Calculating Z arrays for bucket 3
  Entering block accumulator loop for bucket 3:
  bucket 3: 10%
  bucket 3: 20%
  bucket 3: 30%
  bucket 3: 40%
  bucket 3: 50%
  bucket 3: 60%
  bucket 3: 70%
  bucket 3: 80%
  bucket 3: 90%
  bucket 3: 100%
  Sorting block of length 17029269 for bucket 3
  (Using difference cover)
  Sorting block time: 00:00:02
Returning block of 17029270 for bucket 3
Getting block 4 of 6
  Reserving size (17440940) for bucket 4
  Calculating Z arrays for bucket 4
  Entering block accumulator loop for bucket 4:
  bucket 4: 10%
  bucket 4: 20%
  bucket 4: 30%
  bucket 4: 40%
  bucket 4: 50%
  bucket 4: 60%
  bucket 4: 70%
  bucket 4: 80%
  bucket 4: 90%
  bucket 4: 100%
  Sorting block of length 17028899 for bucket 4
  (Using difference cover)
  Sorting block time: 00:00:03
Returning block of 17028900 for bucket 4
Getting block 5 of 6
  Reserving size (17440940) for bucket 5
  Calculating Z arrays for bucket 5
  Entering block accumulator loop for bucket 5:
  bucket 5: 10%
  bucket 5: 20%
  bucket 5: 30%
  bucket 5: 40%
  bucket 5: 50%
  bucket 5: 60%
  bucket 5: 70%
  bucket 5: 80%
  bucket 5: 90%
  bucket 5: 100%
  Sorting block of length 11673875 for bucket 5
  (Using difference cover)
  Sorting block time: 00:00:02
Returning block of 11673876 for bucket 5
Getting block 6 of 6
  Reserving size (17440940) for bucket 6
  Calculating Z arrays for bucket 6
  Entering block accumulator loop for bucket 6:
  bucket 6: 10%
  bucket 6: 20%
  bucket 6: 30%
  bucket 6: 40%
  bucket 6: 50%
  bucket 6: 60%
  bucket 6: 70%
  bucket 6: 80%
  bucket 6: 90%
  bucket 6: 100%
  Sorting block of length 15957478 for bucket 6
  (Using difference cover)
  Sorting block time: 00:00:02
Returning block of 15957479 for bucket 6
Exited Ebwt loop
fchr[A]: 0
fchr[C]: 17239346
fchr[G]: 46802121
fchr[T]: 76173450
fchr[$]: 93018345
Exiting Ebwt::buildToDisk()
Returning from initFromVector
Wrote 44939448 bytes to primary EBWT file: /workspaces/Capstone/work/read_mapping/mapped/SRR32256218.contigs.idx.1.bt2.tmp
Wrote 23254592 bytes to secondary EBWT file: /workspaces/Capstone/work/read_mapping/mapped/SRR32256218.contigs.idx.2.bt2.tmp
Re-opening _in1 and _in2 as input streams
Returning from Ebwt constructor
Headers:
    len: 93018345
    bwtLen: 93018346
    sz: 23254587
    bwtSz: 23254587
    lineRate: 6
    offRate: 4
    offMask: 0xfffffff0
    ftabChars: 10
    eftabLen: 20
    eftabSz: 80
    ftabLen: 1048577
    ftabSz: 4194308
    offsLen: 5813647
    offsSz: 23254588
    lineSz: 64
    sideSz: 64
    sideBwtSz: 48
    sideBwtLen: 192
    numSides: 484471
    numLines: 484471
    ebwtTotLen: 31006144
    ebwtTotSz: 31006144
    color: 0
    reverse: 0
Total time for call to driver() for forward index: 00:00:39
Reading reference sizes
  Time reading reference sizes: 00:00:00
Calculating joined length
Writing header
Reserving space for joined string
Joining reference sequences
  Time to join reference sequences: 00:00:01
  Time to reverse reference sequence: 00:00:00
bmax according to bmaxDivN setting: 23254586
Using parameters --bmax 17440940 --dcv 1024
  Doing ahead-of-time memory usage test
  Passed!  Constructing with these parameters: --bmax 17440940 --dcv 1024
Constructing suffix-array element generator
Building DifferenceCoverSample
  Building sPrime
  Building sPrimeOrder
  V-Sorting samples
  V-Sorting samples time: 00:00:01
  Allocating rank array
  Ranking v-sort output
  Ranking v-sort output time: 00:00:00
  Invoking Larsson-Sadakane on ranks
  Invoking Larsson-Sadakane on ranks time: 00:00:00
  Sanity-checking and returning
Building samples
Reserving space for 12 sample suffixes
Generating random suffixes
QSorting 12 sample offsets, eliminating duplicates
QSorting sample offsets, eliminating duplicates time: 00:00:00
Multikey QSorting 12 samples
  (Using difference cover)
  Multikey QSorting samples time: 00:00:00
Calculating bucket sizes
Splitting and merging
  Splitting and merging time: 00:00:00
Avg bucket size: 1.32883e+07 (target: 17440939)
Converting suffix-array elements to index image
Allocating ftab, absorbFtab
Entering Ebwt loop
Getting block 1 of 7
  Reserving size (17440940) for bucket 1
  Calculating Z arrays for bucket 1
  Entering block accumulator loop for bucket 1:
  bucket 1: 10%
  bucket 1: 20%
  bucket 1: 30%
  bucket 1: 40%
  bucket 1: 50%
  bucket 1: 60%
  bucket 1: 70%
  bucket 1: 80%
  bucket 1: 90%
  bucket 1: 100%
  Sorting block of length 5081898 for bucket 1
  (Using difference cover)
  Sorting block time: 00:00:01
Returning block of 5081899 for bucket 1
Getting block 2 of 7
  Reserving size (17440940) for bucket 2
  Calculating Z arrays for bucket 2
  Entering block accumulator loop for bucket 2:
  bucket 2: 10%
  bucket 2: 20%
  bucket 2: 30%
  bucket 2: 40%
  bucket 2: 50%
  bucket 2: 60%
  bucket 2: 70%
  bucket 2: 80%
  bucket 2: 90%
  bucket 2: 100%
  Sorting block of length 16681910 for bucket 2
  (Using difference cover)
  Sorting block time: 00:00:02
Returning block of 16681911 for bucket 2
Getting block 3 of 7
  Reserving size (17440940) for bucket 3
  Calculating Z arrays for bucket 3
  Entering block accumulator loop for bucket 3:
  bucket 3: 10%
  bucket 3: 20%
  bucket 3: 30%
  bucket 3: 40%
  bucket 3: 50%
  bucket 3: 60%
  bucket 3: 70%
  bucket 3: 80%
  bucket 3: 90%
  bucket 3: 100%
  Sorting block of length 7081643 for bucket 3
  (Using difference cover)
  Sorting block time: 00:00:01
Returning block of 7081644 for bucket 3
Getting block 4 of 7
  Reserving size (17440940) for bucket 4
  Calculating Z arrays for bucket 4
  Entering block accumulator loop for bucket 4:
  bucket 4: 10%
  bucket 4: 20%
  bucket 4: 30%
  bucket 4: 40%
  bucket 4: 50%
  bucket 4: 60%
  bucket 4: 70%
  bucket 4: 80%
  bucket 4: 90%
  bucket 4: 100%
  Sorting block of length 17309431 for bucket 4
  (Using difference cover)
  Sorting block time: 00:00:02
Returning block of 17309432 for bucket 4
Getting block 5 of 7
  Reserving size (17440940) for bucket 5
  Calculating Z arrays for bucket 5
  Entering block accumulator loop for bucket 5:
  bucket 5: 10%
  bucket 5: 20%
  bucket 5: 30%
  bucket 5: 40%
  bucket 5: 50%
  bucket 5: 60%
  bucket 5: 70%
  bucket 5: 80%
  bucket 5: 90%
  bucket 5: 100%
  Sorting block of length 15727359 for bucket 5
  (Using difference cover)
  Sorting block time: 00:00:01
Returning block of 15727360 for bucket 5
Getting block 6 of 7
  Reserving size (17440940) for bucket 6
  Calculating Z arrays for bucket 6
  Entering block accumulator loop for bucket 6:
  bucket 6: 10%
  bucket 6: 20%
  bucket 6: 30%
  bucket 6: 40%
  bucket 6: 50%
  bucket 6: 60%
  bucket 6: 70%
  bucket 6: 80%
  bucket 6: 90%
  bucket 6: 100%
  Sorting block of length 16053383 for bucket 6
  (Using difference cover)
  Sorting block time: 00:00:02
Returning block of 16053384 for bucket 6
Getting block 7 of 7
  Reserving size (17440940) for bucket 7
  Calculating Z arrays for bucket 7
  Entering block accumulator loop for bucket 7:
  bucket 7: 10%
  bucket 7: 20%
  bucket 7: 30%
  bucket 7: 40%
  bucket 7: 50%
  bucket 7: 60%
  bucket 7: 70%
  bucket 7: 80%
  bucket 7: 90%
  bucket 7: 100%
  Sorting block of length 15082715 for bucket 7
  (Using difference cover)
  Sorting block time: 00:00:02
Returning block of 15082716 for bucket 7
Exited Ebwt loop
fchr[A]: 0
fchr[C]: 17239346
fchr[G]: 46802121
fchr[T]: 76173450
fchr[$]: 93018345
Exiting Ebwt::buildToDisk()
Returning from initFromVector
Wrote 44939448 bytes to primary EBWT file: /workspaces/Capstone/work/read_mapping/mapped/SRR32256218.contigs.idx.rev.1.bt2.tmp
Wrote 23254592 bytes to secondary EBWT file: /workspaces/Capstone/work/read_mapping/mapped/SRR32256218.contigs.idx.rev.2.bt2.tmp
Re-opening _in1 and _in2 as input streams
Returning from Ebwt constructor
Headers:
    len: 93018345
    bwtLen: 93018346
    sz: 23254587
    bwtSz: 23254587
    lineRate: 6
    offRate: 4
    offMask: 0xfffffff0
    ftabChars: 10
    eftabLen: 20
    eftabSz: 80
    ftabLen: 1048577
    ftabSz: 4194308
    offsLen: 5813647
    offsSz: 23254588
    lineSz: 64
    sideSz: 64
    sideBwtSz: 48
    sideBwtLen: 192
    numSides: 484471
    numLines: 484471
    ebwtTotLen: 31006144
    ebwtTotSz: 31006144
    color: 0
    reverse: 1
Total time for backward call to driver() for mirror index: 00:00:31
Renaming /workspaces/Capstone/work/read_mapping/mapped/SRR32256218.contigs.idx.3.bt2.tmp to /workspaces/Capstone/work/read_mapping/mapped/SRR32256218.contigs.idx.3.bt2
Renaming /workspaces/Capstone/work/read_mapping/mapped/SRR32256218.contigs.idx.4.bt2.tmp to /workspaces/Capstone/work/read_mapping/mapped/SRR32256218.contigs.idx.4.bt2
Renaming /workspaces/Capstone/work/read_mapping/mapped/SRR32256218.contigs.idx.1.bt2.tmp to /workspaces/Capstone/work/read_mapping/mapped/SRR32256218.contigs.idx.1.bt2
Renaming /workspaces/Capstone/work/read_mapping/mapped/SRR32256218.contigs.idx.2.bt2.tmp to /workspaces/Capstone/work/read_mapping/mapped/SRR32256218.contigs.idx.2.bt2
Renaming /workspaces/Capstone/work/read_mapping/mapped/SRR32256218.contigs.idx.rev.1.bt2.tmp to /workspaces/Capstone/work/read_mapping/mapped/SRR32256218.contigs.idx.rev.1.bt2
Renaming /workspaces/Capstone/work/read_mapping/mapped/SRR32256218.contigs.idx.rev.2.bt2.tmp to /workspaces/Capstone/work/read_mapping/mapped/SRR32256218.contigs.idx.rev.2.bt2
Mapping SRR32256218...
[WARNING] Failed to launch x86-64-v3 version, staying with default
[WARNING] Failed to launch x86-64-v3 version, staying with default
13791771 reads; of these:
  13791771 (100.00%) were paired; of these:
    12225957 (88.65%) aligned concordantly 0 times
    1511244 (10.96%) aligned concordantly exactly 1 time
    54570 (0.40%) aligned concordantly >1 times
    ----
    12225957 pairs aligned concordantly 0 times; of these:
      105116 (0.86%) aligned discordantly 1 time
    ----
    12120841 pairs aligned 0 times concordantly or discordantly; of these:
      24241682 mates make up the pairs; of these:
        23823115 (98.27%) aligned 0 times
        360348 (1.49%) aligned exactly 1 time
        58219 (0.24%) aligned >1 times
13.63% overall alignment rate
DONE SRR32256218 -> /workspaces/Capstone/work/read_mapping/mapped/SRR32256218.sorted.bam (FASTQ cleaned up)
=== SRR32256218 ===
Using contigs: /workspaces/Capstone/work/prokka/SRR32256218/SRR32256218.fna
Downloading SRR32256218 from ENA...
Downloaded paired-end FASTQ for SRR32256218
Building bowtie2 index for SRR32256218...
Settings:
  Output files: "/workspaces/Capstone/work/read_mapping/mapped/SRR32256218.contigs.idx.*.bt2"
  Line rate: 6 (line is 64 bytes)
  Lines per side: 1 (side is 64 bytes)
  Offset rate: 4 (one in 16)
  FTable chars: 10
  Strings: unpacked
  Max bucket size: default
  Max bucket size, sqrt multiplier: default
  Max bucket size, len divisor: 4
  Difference-cover sample period: 1024
  Endianness: little
  Actual local endianness: little
  Sanity checking: disabled
  Assertions: disabled
  Random seed: 0
  Sizeofs: void*:8, int:4, long:8, size_t:8
Input files DNA, FASTA:
  /workspaces/Capstone/work/prokka/SRR32256218/SRR32256218.fna
Building a SMALL index
Reading reference sizes
  Time reading reference sizes: 00:00:01
Calculating joined length
Writing header
Reserving space for joined string
Joining reference sequences
  Time to join reference sequences: 00:00:00
bmax according to bmaxDivN setting: 23254586
Using parameters --bmax 17440940 --dcv 1024
  Doing ahead-of-time memory usage test
  Passed!  Constructing with these parameters: --bmax 17440940 --dcv 1024
Constructing suffix-array element generator
Building DifferenceCoverSample
  Building sPrime
  Building sPrimeOrder
  V-Sorting samples
  V-Sorting samples time: 00:00:01
  Allocating rank array
  Ranking v-sort output
  Ranking v-sort output time: 00:00:01
  Invoking Larsson-Sadakane on ranks
  Invoking Larsson-Sadakane on ranks time: 00:00:00
  Sanity-checking and returning
Building samples
Reserving space for 12 sample suffixes
Generating random suffixes
QSorting 12 sample offsets, eliminating duplicates
QSorting sample offsets, eliminating duplicates time: 00:00:00
Multikey QSorting 12 samples
  (Using difference cover)
  Multikey QSorting samples time: 00:00:00
Calculating bucket sizes
Splitting and merging
  Splitting and merging time: 00:00:00
Split 1, merged 8; iterating...
Splitting and merging
  Splitting and merging time: 00:00:00
Split 1, merged 1; iterating...
Splitting and merging
  Splitting and merging time: 00:00:00
Avg bucket size: 1.55031e+07 (target: 17440939)
Converting suffix-array elements to index image
Allocating ftab, absorbFtab
Entering Ebwt loop
Getting block 1 of 6
  Reserving size (17440940) for bucket 1
  Calculating Z arrays for bucket 1
  Entering block accumulator loop for bucket 1:
  bucket 1: 10%
  bucket 1: 20%
  bucket 1: 30%
  bucket 1: 40%
  bucket 1: 50%
  bucket 1: 60%
  bucket 1: 70%
  bucket 1: 80%
  bucket 1: 90%
  bucket 1: 100%
  Sorting block of length 14017408 for bucket 1
  (Using difference cover)
  Sorting block time: 00:00:02
Returning block of 14017409 for bucket 1
Getting block 2 of 6
  Reserving size (17440940) for bucket 2
  Calculating Z arrays for bucket 2
  Entering block accumulator loop for bucket 2:
  bucket 2: 10%
  bucket 2: 20%
  bucket 2: 30%
  bucket 2: 40%
  bucket 2: 50%
  bucket 2: 60%
  bucket 2: 70%
  bucket 2: 80%
  bucket 2: 90%
  bucket 2: 100%
  Sorting block of length 17311411 for bucket 2
  (Using difference cover)
  Sorting block time: 00:00:02
Returning block of 17311412 for bucket 2
Getting block 3 of 6
  Reserving size (17440940) for bucket 3
  Calculating Z arrays for bucket 3
  Entering block accumulator loop for bucket 3:
  bucket 3: 10%
  bucket 3: 20%
  bucket 3: 30%
  bucket 3: 40%
  bucket 3: 50%
  bucket 3: 60%
  bucket 3: 70%
  bucket 3: 80%
  bucket 3: 90%
  bucket 3: 100%
  Sorting block of length 17029269 for bucket 3
  (Using difference cover)
  Sorting block time: 00:00:03
Returning block of 17029270 for bucket 3
Getting block 4 of 6
  Reserving size (17440940) for bucket 4
  Calculating Z arrays for bucket 4
  Entering block accumulator loop for bucket 4:
  bucket 4: 10%
  bucket 4: 20%
  bucket 4: 30%
  bucket 4: 40%
  bucket 4: 50%
  bucket 4: 60%
  bucket 4: 70%
  bucket 4: 80%
  bucket 4: 90%
  bucket 4: 100%
  Sorting block of length 17028899 for bucket 4
  (Using difference cover)
  Sorting block time: 00:00:02
Returning block of 17028900 for bucket 4
Getting block 5 of 6
  Reserving size (17440940) for bucket 5
  Calculating Z arrays for bucket 5
  Entering block accumulator loop for bucket 5:
  bucket 5: 10%
  bucket 5: 20%
  bucket 5: 30%
  bucket 5: 40%
  bucket 5: 50%
  bucket 5: 60%
  bucket 5: 70%
  bucket 5: 80%
  bucket 5: 90%
  bucket 5: 100%
  Sorting block of length 11673875 for bucket 5
  (Using difference cover)
  Sorting block time: 00:00:02
Returning block of 11673876 for bucket 5
Getting block 6 of 6
  Reserving size (17440940) for bucket 6
  Calculating Z arrays for bucket 6
  Entering block accumulator loop for bucket 6:
  bucket 6: 10%
  bucket 6: 20%
  bucket 6: 30%
  bucket 6: 40%
  bucket 6: 50%
  bucket 6: 60%
  bucket 6: 70%
  bucket 6: 80%
  bucket 6: 90%
  bucket 6: 100%
  Sorting block of length 15957478 for bucket 6
  (Using difference cover)
  Sorting block time: 00:00:02
Returning block of 15957479 for bucket 6
Exited Ebwt loop
fchr[A]: 0
fchr[C]: 17239346
fchr[G]: 46802121
fchr[T]: 76173450
fchr[$]: 93018345
Exiting Ebwt::buildToDisk()
Returning from initFromVector
Wrote 40010636 bytes to primary EBWT file: /workspaces/Capstone/work/read_mapping/mapped/SRR32256218.contigs.idx.1.bt2.tmp
Wrote 23254592 bytes to secondary EBWT file: /workspaces/Capstone/work/read_mapping/mapped/SRR32256218.contigs.idx.2.bt2.tmp
Re-opening _in1 and _in2 as input streams
Returning from Ebwt constructor
Headers:
    len: 93018345
    bwtLen: 93018346
    sz: 23254587
    bwtSz: 23254587
    lineRate: 6
    offRate: 4
    offMask: 0xfffffff0
    ftabChars: 10
    eftabLen: 20
    eftabSz: 80
    ftabLen: 1048577
    ftabSz: 4194308
    offsLen: 5813647
    offsSz: 23254588
    lineSz: 64
    sideSz: 64
    sideBwtSz: 48
    sideBwtLen: 192
    numSides: 484471
    numLines: 484471
    ebwtTotLen: 31006144
    ebwtTotSz: 31006144
    color: 0
    reverse: 0
Total time for call to driver() for forward index: 00:00:35
Reading reference sizes
  Time reading reference sizes: 00:00:00
Calculating joined length
Writing header
Reserving space for joined string
Joining reference sequences
  Time to join reference sequences: 00:00:01
  Time to reverse reference sequence: 00:00:00
bmax according to bmaxDivN setting: 23254586
Using parameters --bmax 17440940 --dcv 1024
  Doing ahead-of-time memory usage test
  Passed!  Constructing with these parameters: --bmax 17440940 --dcv 1024
Constructing suffix-array element generator
Building DifferenceCoverSample
  Building sPrime
  Building sPrimeOrder
  V-Sorting samples
  V-Sorting samples time: 00:00:01
  Allocating rank array
  Ranking v-sort output
  Ranking v-sort output time: 00:00:00
  Invoking Larsson-Sadakane on ranks
  Invoking Larsson-Sadakane on ranks time: 00:00:01
  Sanity-checking and returning
Building samples
Reserving space for 12 sample suffixes
Generating random suffixes
QSorting 12 sample offsets, eliminating duplicates
QSorting sample offsets, eliminating duplicates time: 00:00:00
Multikey QSorting 12 samples
  (Using difference cover)
  Multikey QSorting samples time: 00:00:00
Calculating bucket sizes
Splitting and merging
  Splitting and merging time: 00:00:00
Avg bucket size: 1.32883e+07 (target: 17440939)
Converting suffix-array elements to index image
Allocating ftab, absorbFtab
Entering Ebwt loop
Getting block 1 of 7
  Reserving size (17440940) for bucket 1
  Calculating Z arrays for bucket 1
  Entering block accumulator loop for bucket 1:
  bucket 1: 10%
  bucket 1: 20%
  bucket 1: 30%
  bucket 1: 40%
  bucket 1: 50%
  bucket 1: 60%
  bucket 1: 70%
  bucket 1: 80%
  bucket 1: 90%
  bucket 1: 100%
  Sorting block of length 5081898 for bucket 1
  (Using difference cover)
  Sorting block time: 00:00:01
Returning block of 5081899 for bucket 1
Getting block 2 of 7
  Reserving size (17440940) for bucket 2
  Calculating Z arrays for bucket 2
  Entering block accumulator loop for bucket 2:
  bucket 2: 10%
  bucket 2: 20%
  bucket 2: 30%
  bucket 2: 40%
  bucket 2: 50%
  bucket 2: 60%
  bucket 2: 70%
  bucket 2: 80%
  bucket 2: 90%
  bucket 2: 100%
  Sorting block of length 16681910 for bucket 2
  (Using difference cover)
  Sorting block time: 00:00:02
Returning block of 16681911 for bucket 2
Getting block 3 of 7
  Reserving size (17440940) for bucket 3
  Calculating Z arrays for bucket 3
  Entering block accumulator loop for bucket 3:
  bucket 3: 10%
  bucket 3: 20%
  bucket 3: 30%
  bucket 3: 40%
  bucket 3: 50%
  bucket 3: 60%
  bucket 3: 70%
  bucket 3: 80%
  bucket 3: 90%
  bucket 3: 100%
  Sorting block of length 7081643 for bucket 3
  (Using difference cover)
  Sorting block time: 00:00:01
Returning block of 7081644 for bucket 3
Getting block 4 of 7
  Reserving size (17440940) for bucket 4
  Calculating Z arrays for bucket 4
  Entering block accumulator loop for bucket 4:
  bucket 4: 10%
  bucket 4: 20%
  bucket 4: 30%
  bucket 4: 40%
  bucket 4: 50%
  bucket 4: 60%
  bucket 4: 70%
  bucket 4: 80%
  bucket 4: 90%
  bucket 4: 100%
  Sorting block of length 17309431 for bucket 4
  (Using difference cover)
  Sorting block time: 00:00:02
Returning block of 17309432 for bucket 4
Getting block 5 of 7
  Reserving size (17440940) for bucket 5
  Calculating Z arrays for bucket 5
  Entering block accumulator loop for bucket 5:
  bucket 5: 10%
  bucket 5: 20%
  bucket 5: 30%
  bucket 5: 40%
  bucket 5: 50%
  bucket 5: 60%
  bucket 5: 70%
  bucket 5: 80%
  bucket 5: 90%
  bucket 5: 100%
  Sorting block of length 15727359 for bucket 5
  (Using difference cover)
  Sorting block time: 00:00:02
Returning block of 15727360 for bucket 5
Getting block 6 of 7
  Reserving size (17440940) for bucket 6
  Calculating Z arrays for bucket 6
  Entering block accumulator loop for bucket 6:
  bucket 6: 10%
  bucket 6: 20%
  bucket 6: 30%
  bucket 6: 40%
  bucket 6: 50%
  bucket 6: 60%
  bucket 6: 70%
  bucket 6: 80%
  bucket 6: 90%
  bucket 6: 100%
  Sorting block of length 16053383 for bucket 6
  (Using difference cover)
  Sorting block time: 00:00:02
Returning block of 16053384 for bucket 6
Getting block 7 of 7
  Reserving size (17440940) for bucket 7
  Calculating Z arrays for bucket 7
  Entering block accumulator loop for bucket 7:
  bucket 7: 10%
  bucket 7: 20%
  bucket 7: 30%
  bucket 7: 40%
  bucket 7: 50%
  bucket 7: 60%
  bucket 7: 70%
  bucket 7: 80%
  bucket 7: 90%
  bucket 7: 100%
  Sorting block of length 15082715 for bucket 7
  (Using difference cover)
  Sorting block time: 00:00:02
Returning block of 15082716 for bucket 7
Exited Ebwt loop
fchr[A]: 0
fchr[C]: 17239346
fchr[G]: 46802121
fchr[T]: 76173450
fchr[$]: 93018345
Exiting Ebwt::buildToDisk()
Returning from initFromVector
Wrote 40010636 bytes to primary EBWT file: /workspaces/Capstone/work/read_mapping/mapped/SRR32256218.contigs.idx.rev.1.bt2.tmp
Wrote 23254592 bytes to secondary EBWT file: /workspaces/Capstone/work/read_mapping/mapped/SRR32256218.contigs.idx.rev.2.bt2.tmp
Re-opening _in1 and _in2 as input streams
Returning from Ebwt constructor
Headers:
    len: 93018345
    bwtLen: 93018346
    sz: 23254587
    bwtSz: 23254587
    lineRate: 6
    offRate: 4
    offMask: 0xfffffff0
    ftabChars: 10
    eftabLen: 20
    eftabSz: 80
    ftabLen: 1048577
    ftabSz: 4194308
    offsLen: 5813647
    offsSz: 23254588
    lineSz: 64
    sideSz: 64
    sideBwtSz: 48
    sideBwtLen: 192
    numSides: 484471
    numLines: 484471
    ebwtTotLen: 31006144
    ebwtTotSz: 31006144
    color: 0
    reverse: 1
Total time for backward call to driver() for mirror index: 00:00:32
Renaming /workspaces/Capstone/work/read_mapping/mapped/SRR32256218.contigs.idx.3.bt2.tmp to /workspaces/Capstone/work/read_mapping/mapped/SRR32256218.contigs.idx.3.bt2
Renaming /workspaces/Capstone/work/read_mapping/mapped/SRR32256218.contigs.idx.4.bt2.tmp to /workspaces/Capstone/work/read_mapping/mapped/SRR32256218.contigs.idx.4.bt2
Renaming /workspaces/Capstone/work/read_mapping/mapped/SRR32256218.contigs.idx.1.bt2.tmp to /workspaces/Capstone/work/read_mapping/mapped/SRR32256218.contigs.idx.1.bt2
Renaming /workspaces/Capstone/work/read_mapping/mapped/SRR32256218.contigs.idx.2.bt2.tmp to /workspaces/Capstone/work/read_mapping/mapped/SRR32256218.contigs.idx.2.bt2
Renaming /workspaces/Capstone/work/read_mapping/mapped/SRR32256218.contigs.idx.rev.1.bt2.tmp to /workspaces/Capstone/work/read_mapping/mapped/SRR32256218.contigs.idx.rev.1.bt2
Renaming /workspaces/Capstone/work/read_mapping/mapped/SRR32256218.contigs.idx.rev.2.bt2.tmp to /workspaces/Capstone/work/read_mapping/mapped/SRR32256218.contigs.idx.rev.2.bt2
Mapping SRR32256218...
[WARNING] Failed to launch x86-64-v3 version, staying with default
[WARNING] Failed to launch x86-64-v3 version, staying with default
13791771 reads; of these:
  13791771 (100.00%) were paired; of these:
    12225957 (88.65%) aligned concordantly 0 times
    1511244 (10.96%) aligned concordantly exactly 1 time
    54570 (0.40%) aligned concordantly >1 times
    ----
    12225957 pairs aligned concordantly 0 times; of these:
      105116 (0.86%) aligned discordantly 1 time
    ----
    12120841 pairs aligned 0 times concordantly or discordantly; of these:
      24241682 mates make up the pairs; of these:
        23823115 (98.27%) aligned 0 times
        360348 (1.49%) aligned exactly 1 time
        58219 (0.24%) aligned >1 times
13.63% overall alignment rate
DONE SRR32256218 -> /workspaces/Capstone/work/read_mapping/mapped/SRR32256218.sorted.bam (FASTQ cleaned up)
=== SRR32256218 ===
Using contigs: /workspaces/Capstone/work/prokka/SRR32256218/SRR32256218.fna
SKIP: existing BAM found at /workspaces/Capstone/work/read_mapping/mapped/SRR32256218.sorted.bam
=== SRR32256218 ===
Using contigs: /workspaces/Capstone/work/prokka/SRR32256218/SRR32256218.fna
SKIP: existing BAM found at /workspaces/Capstone/work/read_mapping/mapped/SRR32256218.sorted.bam
=== SRR32256218 ===
Using contigs: /workspaces/Capstone/work/prokka/SRR32256218/SRR32256218.fna
SKIP: existing BAM found at /workspaces/Capstone/work/read_mapping/mapped/SRR32256218.sorted.bam
