=== SRR34988624 ===
Using contigs: /workspaces/Capstone/work/prokka/SRR34988624/SRR34988624.fna
Downloading SRR34988624 from ENA...
Downloaded paired-end FASTQ for SRR34988624
Building bowtie2 index for SRR34988624...
Settings:
  Output files: "/workspaces/Capstone/work/read_mapping/mapped/SRR34988624.contigs.idx.*.bt2"
  Line rate: 6 (line is 64 bytes)
  Lines per side: 1 (side is 64 bytes)
  Offset rate: 4 (one in 16)
  FTable chars: 10
  Strings: unpacked
  Max bucket size: default
  Max bucket size, sqrt multiplier: default
  Max bucket size, len divisor: 4
  Difference-cover sample period: 1024
  Endianness: little
  Actual local endianness: little
  Sanity checking: disabled
  Assertions: disabled
  Random seed: 0
  Sizeofs: void*:8, int:4, long:8, size_t:8
Input files DNA, FASTA:
  /workspaces/Capstone/work/prokka/SRR34988624/SRR34988624.fna
Building a SMALL index
Reading reference sizes
  Time reading reference sizes: 00:00:02
Calculating joined length
Writing header
Reserving space for joined string
Joining reference sequences
  Time to join reference sequences: 00:00:01
bmax according to bmaxDivN setting: 90941625
Using parameters --bmax 68206219 --dcv 1024
  Doing ahead-of-time memory usage test
  Passed!  Constructing with these parameters: --bmax 68206219 --dcv 1024
Constructing suffix-array element generator
Building DifferenceCoverSample
  Building sPrime
  Building sPrimeOrder
  V-Sorting samples
  V-Sorting samples time: 00:00:04
  Allocating rank array
  Ranking v-sort output
  Ranking v-sort output time: 00:00:01
  Invoking Larsson-Sadakane on ranks
  Invoking Larsson-Sadakane on ranks time: 00:00:02
  Sanity-checking and returning
Building samples
Reserving space for 12 sample suffixes
Generating random suffixes
QSorting 12 sample offsets, eliminating duplicates
QSorting sample offsets, eliminating duplicates time: 00:00:00
Multikey QSorting 12 samples
  (Using difference cover)
  Multikey QSorting samples time: 00:00:00
Calculating bucket sizes
Splitting and merging
  Splitting and merging time: 00:00:00
Split 2, merged 7; iterating...
Splitting and merging
  Splitting and merging time: 00:00:00
Split 2, merged 1; iterating...
Splitting and merging
  Splitting and merging time: 00:00:00
Split 1, merged 2; iterating...
Splitting and merging
  Splitting and merging time: 00:00:00
Split 1, merged 1; iterating...
Splitting and merging
  Splitting and merging time: 00:00:00
Avg bucket size: 6.06277e+07 (target: 68206218)
Converting suffix-array elements to index image
Allocating ftab, absorbFtab
Entering Ebwt loop
Getting block 1 of 6
  Reserving size (68206219) for bucket 1
  Calculating Z arrays for bucket 1
  Entering block accumulator loop for bucket 1:
  bucket 1: 10%
  bucket 1: 20%
  bucket 1: 30%
  bucket 1: 40%
  bucket 1: 50%
  bucket 1: 60%
  bucket 1: 70%
  bucket 1: 80%
  bucket 1: 90%
  bucket 1: 100%
  Sorting block of length 66672033 for bucket 1
  (Using difference cover)
  Sorting block time: 00:00:11
Returning block of 66672034 for bucket 1
Getting block 2 of 6
  Reserving size (68206219) for bucket 2
  Calculating Z arrays for bucket 2
  Entering block accumulator loop for bucket 2:
  bucket 2: 10%
  bucket 2: 20%
  bucket 2: 30%
  bucket 2: 40%
  bucket 2: 50%
  bucket 2: 60%
  bucket 2: 70%
  bucket 2: 80%
  bucket 2: 90%
  bucket 2: 100%
  Sorting block of length 58694166 for bucket 2
  (Using difference cover)
  Sorting block time: 00:00:09
Returning block of 58694167 for bucket 2
Getting block 3 of 6
  Reserving size (68206219) for bucket 3
  Calculating Z arrays for bucket 3
  Entering block accumulator loop for bucket 3:
  bucket 3: 10%
  bucket 3: 20%
  bucket 3: 30%
  bucket 3: 40%
  bucket 3: 50%
  bucket 3: 60%
  bucket 3: 70%
  bucket 3: 80%
  bucket 3: 90%
  bucket 3: 100%
  Sorting block of length 60785655 for bucket 3
  (Using difference cover)
  Sorting block time: 00:00:09
Returning block of 60785656 for bucket 3
Getting block 4 of 6
  Reserving size (68206219) for bucket 4
  Calculating Z arrays for bucket 4
  Entering block accumulator loop for bucket 4:
  bucket 4: 10%
  bucket 4: 20%
  bucket 4: 30%
  bucket 4: 40%
  bucket 4: 50%
  bucket 4: 60%
  bucket 4: 70%
  bucket 4: 80%
  bucket 4: 90%
  bucket 4: 100%
  Sorting block of length 54756857 for bucket 4
  (Using difference cover)
  Sorting block time: 00:00:09
Returning block of 54756858 for bucket 4
Getting block 5 of 6
  Reserving size (68206219) for bucket 5
  Calculating Z arrays for bucket 5
  Entering block accumulator loop for bucket 5:
  bucket 5: 10%
  bucket 5: 20%
  bucket 5: 30%
  bucket 5: 40%
  bucket 5: 50%
  bucket 5: 60%
  bucket 5: 70%
  bucket 5: 80%
  bucket 5: 90%
  bucket 5: 100%
  Sorting block of length 56858058 for bucket 5
  (Using difference cover)
  Sorting block time: 00:00:09
Returning block of 56858059 for bucket 5
Getting block 6 of 6
  Reserving size (68206219) for bucket 6
  Calculating Z arrays for bucket 6
  Entering block accumulator loop for bucket 6:
  bucket 6: 10%
  bucket 6: 20%
  bucket 6: 30%
  bucket 6: 40%
  bucket 6: 50%
  bucket 6: 60%
  bucket 6: 70%
  bucket 6: 80%
  bucket 6: 90%
  bucket 6: 100%
  Sorting block of length 65999727 for bucket 6
  (Using difference cover)
  Sorting block time: 00:00:11
Returning block of 65999728 for bucket 6
Exited Ebwt loop
fchr[A]: 0
fchr[C]: 67267862
fchr[G]: 183113744
fchr[T]: 297994732
fchr[$]: 363766501
Exiting Ebwt::buildToDisk()
Returning from initFromVector
Wrote 144584477 bytes to primary EBWT file: /workspaces/Capstone/work/read_mapping/mapped/SRR34988624.contigs.idx.1.bt2.tmp
Wrote 90941632 bytes to secondary EBWT file: /workspaces/Capstone/work/read_mapping/mapped/SRR34988624.contigs.idx.2.bt2.tmp
Re-opening _in1 and _in2 as input streams
Returning from Ebwt constructor
Headers:
    len: 363766501
    bwtLen: 363766502
    sz: 90941626
    bwtSz: 90941626
    lineRate: 6
    offRate: 4
    offMask: 0xfffffff0
    ftabChars: 10
    eftabLen: 20
    eftabSz: 80
    ftabLen: 1048577
    ftabSz: 4194308
    offsLen: 22735407
    offsSz: 90941628
    lineSz: 64
    sideSz: 64
    sideBwtSz: 48
    sideBwtLen: 192
    numSides: 1894618
    numLines: 1894618
    ebwtTotLen: 121255552
    ebwtTotSz: 121255552
    color: 0
    reverse: 0
Total time for call to driver() for forward index: 00:02:48
Reading reference sizes
  Time reading reference sizes: 00:00:02
Calculating joined length
Writing header
Reserving space for joined string
Joining reference sequences
  Time to join reference sequences: 00:00:01
  Time to reverse reference sequence: 00:00:01
bmax according to bmaxDivN setting: 90941625
Using parameters --bmax 68206219 --dcv 1024
  Doing ahead-of-time memory usage test
  Passed!  Constructing with these parameters: --bmax 68206219 --dcv 1024
Constructing suffix-array element generator
Building DifferenceCoverSample
  Building sPrime
  Building sPrimeOrder
  V-Sorting samples
  V-Sorting samples time: 00:00:03
  Allocating rank array
  Ranking v-sort output
  Ranking v-sort output time: 00:00:02
  Invoking Larsson-Sadakane on ranks
  Invoking Larsson-Sadakane on ranks time: 00:00:02
  Sanity-checking and returning
Building samples
Reserving space for 12 sample suffixes
Generating random suffixes
QSorting 12 sample offsets, eliminating duplicates
QSorting sample offsets, eliminating duplicates time: 00:00:00
Multikey QSorting 12 samples
  (Using difference cover)
  Multikey QSorting samples time: 00:00:00
Calculating bucket sizes
Splitting and merging
  Splitting and merging time: 00:00:00
Split 2, merged 6; iterating...
Splitting and merging
  Splitting and merging time: 00:00:00
Split 1, merged 2; iterating...
Splitting and merging
  Splitting and merging time: 00:00:00
Avg bucket size: 4.54708e+07 (target: 68206218)
Converting suffix-array elements to index image
Allocating ftab, absorbFtab
Entering Ebwt loop
Getting block 1 of 8
  Reserving size (68206219) for bucket 1
  Calculating Z arrays for bucket 1
  Entering block accumulator loop for bucket 1:
  bucket 1: 10%
  bucket 1: 20%
  bucket 1: 30%
  bucket 1: 40%
  bucket 1: 50%
  bucket 1: 60%
  bucket 1: 70%
  bucket 1: 80%
  bucket 1: 90%
  bucket 1: 100%
  Sorting block of length 66242549 for bucket 1
  (Using difference cover)
  Sorting block time: 00:00:10
Returning block of 66242550 for bucket 1
Getting block 2 of 8
  Reserving size (68206219) for bucket 2
  Calculating Z arrays for bucket 2
  Entering block accumulator loop for bucket 2:
  bucket 2: 10%
  bucket 2: 20%
  bucket 2: 30%
  bucket 2: 40%
  bucket 2: 50%
  bucket 2: 60%
  bucket 2: 70%
  bucket 2: 80%
  bucket 2: 90%
  bucket 2: 100%
  Sorting block of length 40959852 for bucket 2
  (Using difference cover)
  Sorting block time: 00:00:06
Returning block of 40959853 for bucket 2
Getting block 3 of 8
  Reserving size (68206219) for bucket 3
  Calculating Z arrays for bucket 3
  Entering block accumulator loop for bucket 3:
  bucket 3: 10%
  bucket 3: 20%
  bucket 3: 30%
  bucket 3: 40%
  bucket 3: 50%
  bucket 3: 60%
  bucket 3: 70%
  bucket 3: 80%
  bucket 3: 90%
  bucket 3: 100%
  Sorting block of length 41755549 for bucket 3
  (Using difference cover)
  Sorting block time: 00:00:06
Returning block of 41755550 for bucket 3
Getting block 4 of 8
  Reserving size (68206219) for bucket 4
  Calculating Z arrays for bucket 4
  Entering block accumulator loop for bucket 4:
  bucket 4: 10%
  bucket 4: 20%
  bucket 4: 30%
  bucket 4: 40%
  bucket 4: 50%
  bucket 4: 60%
  bucket 4: 70%
  bucket 4: 80%
  bucket 4: 90%
  bucket 4: 100%
  Sorting block of length 29831799 for bucket 4
  (Using difference cover)
  Sorting block time: 00:00:04
Returning block of 29831800 for bucket 4
Getting block 5 of 8
  Reserving size (68206219) for bucket 5
  Calculating Z arrays for bucket 5
  Entering block accumulator loop for bucket 5:
  bucket 5: 10%
  bucket 5: 20%
  bucket 5: 30%
  bucket 5: 40%
  bucket 5: 50%
  bucket 5: 60%
  bucket 5: 70%
  bucket 5: 80%
  bucket 5: 90%
  bucket 5: 100%
  Sorting block of length 57254874 for bucket 5
  (Using difference cover)
  Sorting block time: 00:00:09
Returning block of 57254875 for bucket 5
Getting block 6 of 8
  Reserving size (68206219) for bucket 6
  Calculating Z arrays for bucket 6
  Entering block accumulator loop for bucket 6:
  bucket 6: 10%
  bucket 6: 20%
  bucket 6: 30%
  bucket 6: 40%
  bucket 6: 50%
  bucket 6: 60%
  bucket 6: 70%
  bucket 6: 80%
  bucket 6: 90%
  bucket 6: 100%
  Sorting block of length 54253725 for bucket 6
  (Using difference cover)
  Sorting block time: 00:00:08
Returning block of 54253726 for bucket 6
Getting block 7 of 8
  Reserving size (68206219) for bucket 7
  Calculating Z arrays for bucket 7
  Entering block accumulator loop for bucket 7:
  bucket 7: 10%
  bucket 7: 20%
  bucket 7: 30%
  bucket 7: 40%
  bucket 7: 50%
  bucket 7: 60%
  bucket 7: 70%
  bucket 7: 80%
  bucket 7: 90%
  bucket 7: 100%
  Sorting block of length 55684878 for bucket 7
  (Using difference cover)
  Sorting block time: 00:00:08
Returning block of 55684879 for bucket 7
Getting block 8 of 8
  Reserving size (68206219) for bucket 8
  Calculating Z arrays for bucket 8
  Entering block accumulator loop for bucket 8:
  bucket 8: 10%
  bucket 8: 20%
  bucket 8: 30%
  bucket 8: 40%
  bucket 8: 50%
  bucket 8: 60%
  bucket 8: 70%
  bucket 8: 80%
  bucket 8: 90%
  bucket 8: 100%
  Sorting block of length 17783268 for bucket 8
  (Using difference cover)
  Sorting block time: 00:00:02
Returning block of 17783269 for bucket 8
Exited Ebwt loop
fchr[A]: 0
fchr[C]: 67267862
fchr[G]: 183113744
fchr[T]: 297994732
fchr[$]: 363766501
Exiting Ebwt::buildToDisk()
Returning from initFromVector
Wrote 144584477 bytes to primary EBWT file: /workspaces/Capstone/work/read_mapping/mapped/SRR34988624.contigs.idx.rev.1.bt2.tmp
Wrote 90941632 bytes to secondary EBWT file: /workspaces/Capstone/work/read_mapping/mapped/SRR34988624.contigs.idx.rev.2.bt2.tmp
Re-opening _in1 and _in2 as input streams
Returning from Ebwt constructor
Headers:
    len: 363766501
    bwtLen: 363766502
    sz: 90941626
    bwtSz: 90941626
    lineRate: 6
    offRate: 4
    offMask: 0xfffffff0
    ftabChars: 10
    eftabLen: 20
    eftabSz: 80
    ftabLen: 1048577
    ftabSz: 4194308
    offsLen: 22735407
    offsSz: 90941628
    lineSz: 64
    sideSz: 64
    sideBwtSz: 48
    sideBwtLen: 192
    numSides: 1894618
    numLines: 1894618
    ebwtTotLen: 121255552
    ebwtTotSz: 121255552
    color: 0
    reverse: 1
Total time for backward call to driver() for mirror index: 00:02:42
Renaming /workspaces/Capstone/work/read_mapping/mapped/SRR34988624.contigs.idx.3.bt2.tmp to /workspaces/Capstone/work/read_mapping/mapped/SRR34988624.contigs.idx.3.bt2
Renaming /workspaces/Capstone/work/read_mapping/mapped/SRR34988624.contigs.idx.4.bt2.tmp to /workspaces/Capstone/work/read_mapping/mapped/SRR34988624.contigs.idx.4.bt2
Renaming /workspaces/Capstone/work/read_mapping/mapped/SRR34988624.contigs.idx.1.bt2.tmp to /workspaces/Capstone/work/read_mapping/mapped/SRR34988624.contigs.idx.1.bt2
Renaming /workspaces/Capstone/work/read_mapping/mapped/SRR34988624.contigs.idx.2.bt2.tmp to /workspaces/Capstone/work/read_mapping/mapped/SRR34988624.contigs.idx.2.bt2
Renaming /workspaces/Capstone/work/read_mapping/mapped/SRR34988624.contigs.idx.rev.1.bt2.tmp to /workspaces/Capstone/work/read_mapping/mapped/SRR34988624.contigs.idx.rev.1.bt2
Renaming /workspaces/Capstone/work/read_mapping/mapped/SRR34988624.contigs.idx.rev.2.bt2.tmp to /workspaces/Capstone/work/read_mapping/mapped/SRR34988624.contigs.idx.rev.2.bt2
Mapping SRR34988624...
[WARNING] Failed to launch x86-64-v3 version, staying with default
[WARNING] Failed to launch x86-64-v3 version, staying with default
4856422 reads; of these:
  4856422 (100.00%) were paired; of these:
    2599783 (53.53%) aligned concordantly 0 times
    2160394 (44.49%) aligned concordantly exactly 1 time
    96245 (1.98%) aligned concordantly >1 times
    ----
    2599783 pairs aligned concordantly 0 times; of these:
      40312 (1.55%) aligned discordantly 1 time
    ----
    2559471 pairs aligned 0 times concordantly or discordantly; of these:
      5118942 mates make up the pairs; of these:
        4952171 (96.74%) aligned 0 times
        157347 (3.07%) aligned exactly 1 time
        9424 (0.18%) aligned >1 times
49.01% overall alignment rate
DONE SRR34988624 -> /workspaces/Capstone/work/read_mapping/mapped/SRR34988624.sorted.bam (FASTQ cleaned up)
=== SRR34988624 ===
Using contigs: /workspaces/Capstone/work/prokka/SRR34988624/SRR34988624.fna
SKIP: existing BAM found at /workspaces/Capstone/work/read_mapping/mapped/SRR34988624.sorted.bam
=== SRR34988624 ===
Using contigs: /workspaces/Capstone/work/prokka/SRR34988624/SRR34988624.fna
SKIP: existing BAM found at /workspaces/Capstone/work/read_mapping/mapped/SRR34988624.sorted.bam
