=== SRR32830929 ===
Downloading SRR32830929 from ENA...
Downloaded paired-end FASTQ for SRR32830929
Building bowtie2 index for SRR32830929...
Settings:
  Output files: "/workspaces/Capstone/work/read_mapping/mapped/SRR32830929.contigs.idx.*.bt2"
  Line rate: 6 (line is 64 bytes)
  Lines per side: 1 (side is 64 bytes)
  Offset rate: 4 (one in 16)
  FTable chars: 10
  Strings: unpacked
  Max bucket size: default
  Max bucket size, sqrt multiplier: default
  Max bucket size, len divisor: 4
  Difference-cover sample period: 1024
  Endianness: little
  Actual local endianness: little
  Sanity checking: disabled
  Assertions: disabled
  Random seed: 0
  Sizeofs: void*:8, int:4, long:8, size_t:8
Input files DNA, FASTA:
  /workspaces/Capstone/work/assembly/SRR32830929/final.contigs.fa
Building a SMALL index
Reading reference sizes
  Time reading reference sizes: 00:00:00
Calculating joined length
Writing header
Reserving space for joined string
Joining reference sequences
  Time to join reference sequences: 00:00:00
bmax according to bmaxDivN setting: 1269269
Using parameters --bmax 951952 --dcv 1024
  Doing ahead-of-time memory usage test
  Passed!  Constructing with these parameters: --bmax 951952 --dcv 1024
Constructing suffix-array element generator
Building DifferenceCoverSample
  Building sPrime
  Building sPrimeOrder
  V-Sorting samples
  V-Sorting samples time: 00:00:00
  Allocating rank array
  Ranking v-sort output
  Ranking v-sort output time: 00:00:00
  Invoking Larsson-Sadakane on ranks
  Invoking Larsson-Sadakane on ranks time: 00:00:00
  Sanity-checking and returning
Building samples
Reserving space for 12 sample suffixes
Generating random suffixes
QSorting 12 sample offsets, eliminating duplicates
QSorting sample offsets, eliminating duplicates time: 00:00:00
Multikey QSorting 12 samples
  (Using difference cover)
  Multikey QSorting samples time: 00:00:00
Calculating bucket sizes
Splitting and merging
  Splitting and merging time: 00:00:00
Split 1, merged 6; iterating...
Splitting and merging
  Splitting and merging time: 00:00:00
Split 1, merged 0; iterating...
Splitting and merging
  Splitting and merging time: 00:00:00
Avg bucket size: 634634 (target: 951951)
Converting suffix-array elements to index image
Allocating ftab, absorbFtab
Entering Ebwt loop
Getting block 1 of 8
  Reserving size (951952) for bucket 1
  Calculating Z arrays for bucket 1
  Entering block accumulator loop for bucket 1:
  bucket 1: 10%
  bucket 1: 20%
  bucket 1: 30%
  bucket 1: 40%
  bucket 1: 50%
  bucket 1: 60%
  bucket 1: 70%
  bucket 1: 80%
  bucket 1: 90%
  bucket 1: 100%
  Sorting block of length 413952 for bucket 1
  (Using difference cover)
  Sorting block time: 00:00:00
Returning block of 413953 for bucket 1
Getting block 2 of 8
  Reserving size (951952) for bucket 2
  Calculating Z arrays for bucket 2
  Entering block accumulator loop for bucket 2:
  bucket 2: 10%
  bucket 2: 20%
  bucket 2: 30%
  bucket 2: 40%
  bucket 2: 50%
  bucket 2: 60%
  bucket 2: 70%
  bucket 2: 80%
  bucket 2: 90%
  bucket 2: 100%
  Sorting block of length 925874 for bucket 2
  (Using difference cover)
  Sorting block time: 00:00:00
Returning block of 925875 for bucket 2
Getting block 3 of 8
  Reserving size (951952) for bucket 3
  Calculating Z arrays for bucket 3
  Entering block accumulator loop for bucket 3:
  bucket 3: 10%
  bucket 3: 20%
  bucket 3: 30%
  bucket 3: 40%
  bucket 3: 50%
  bucket 3: 60%
  bucket 3: 70%
  bucket 3: 80%
  bucket 3: 90%
  bucket 3: 100%
  Sorting block of length 315160 for bucket 3
  (Using difference cover)
  Sorting block time: 00:00:00
Returning block of 315161 for bucket 3
Getting block 4 of 8
  Reserving size (951952) for bucket 4
  Calculating Z arrays for bucket 4
  Entering block accumulator loop for bucket 4:
  bucket 4: 10%
  bucket 4: 20%
  bucket 4: 30%
  bucket 4: 40%
  bucket 4: 50%
  bucket 4: 60%
  bucket 4: 70%
  bucket 4: 80%
  bucket 4: 90%
  bucket 4: 100%
  Sorting block of length 783350 for bucket 4
  (Using difference cover)
  Sorting block time: 00:00:01
Returning block of 783351 for bucket 4
Getting block 5 of 8
  Reserving size (951952) for bucket 5
  Calculating Z arrays for bucket 5
  Entering block accumulator loop for bucket 5:
  bucket 5: 10%
  bucket 5: 20%
  bucket 5: 30%
  bucket 5: 40%
  bucket 5: 50%
  bucket 5: 60%
  bucket 5: 70%
  bucket 5: 80%
  bucket 5: 90%
  bucket 5: 100%
  Sorting block of length 516565 for bucket 5
  (Using difference cover)
  Sorting block time: 00:00:00
Returning block of 516566 for bucket 5
Getting block 6 of 8
  Reserving size (951952) for bucket 6
  Calculating Z arrays for bucket 6
  Entering block accumulator loop for bucket 6:
  bucket 6: 10%
  bucket 6: 20%
  bucket 6: 30%
  bucket 6: 40%
  bucket 6: 50%
  bucket 6: 60%
  bucket 6: 70%
  bucket 6: 80%
  bucket 6: 90%
  bucket 6: 100%
  Sorting block of length 637600 for bucket 6
  (Using difference cover)
  Sorting block time: 00:00:00
Returning block of 637601 for bucket 6
Getting block 7 of 8
  Reserving size (951952) for bucket 7
  Calculating Z arrays for bucket 7
  Entering block accumulator loop for bucket 7:
  bucket 7: 10%
  bucket 7: 20%
  bucket 7: 30%
  bucket 7: 40%
  bucket 7: 50%
  bucket 7: 60%
  bucket 7: 70%
  bucket 7: 80%
  bucket 7: 90%
  bucket 7: 100%
  Sorting block of length 806978 for bucket 7
  (Using difference cover)
  Sorting block time: 00:00:00
Returning block of 806979 for bucket 7
Getting block 8 of 8
  Reserving size (951952) for bucket 8
  Calculating Z arrays for bucket 8
  Entering block accumulator loop for bucket 8:
  bucket 8: 10%
  bucket 8: 20%
  bucket 8: 30%
  bucket 8: 40%
  bucket 8: 50%
  bucket 8: 60%
  bucket 8: 70%
  bucket 8: 80%
  bucket 8: 90%
  bucket 8: 100%
  Sorting block of length 677591 for bucket 8
  (Using difference cover)
  Sorting block time: 00:00:00
Returning block of 677592 for bucket 8
Exited Ebwt loop
fchr[A]: 0
fchr[C]: 916581
fchr[G]: 2559619
fchr[T]: 4189938
fchr[$]: 5077077
Exiting Ebwt::buildToDisk()
Returning from initFromVector
Wrote 6626347 bytes to primary EBWT file: /workspaces/Capstone/work/read_mapping/mapped/SRR32830929.contigs.idx.1.bt2.tmp
Wrote 1269276 bytes to secondary EBWT file: /workspaces/Capstone/work/read_mapping/mapped/SRR32830929.contigs.idx.2.bt2.tmp
Re-opening _in1 and _in2 as input streams
Returning from Ebwt constructor
Headers:
    len: 5077077
    bwtLen: 5077078
    sz: 1269270
    bwtSz: 1269270
    lineRate: 6
    offRate: 4
    offMask: 0xfffffff0
    ftabChars: 10
    eftabLen: 20
    eftabSz: 80
    ftabLen: 1048577
    ftabSz: 4194308
    offsLen: 317318
    offsSz: 1269272
    lineSz: 64
    sideSz: 64
    sideBwtSz: 48
    sideBwtLen: 192
    numSides: 26444
    numLines: 26444
    ebwtTotLen: 1692416
    ebwtTotSz: 1692416
    color: 0
    reverse: 0
Total time for call to driver() for forward index: 00:00:01
Reading reference sizes
  Time reading reference sizes: 00:00:00
Calculating joined length
Writing header
Reserving space for joined string
Joining reference sequences
  Time to join reference sequences: 00:00:00
  Time to reverse reference sequence: 00:00:00
bmax according to bmaxDivN setting: 1269269
Using parameters --bmax 951952 --dcv 1024
  Doing ahead-of-time memory usage test
  Passed!  Constructing with these parameters: --bmax 951952 --dcv 1024
Constructing suffix-array element generator
Building DifferenceCoverSample
  Building sPrime
  Building sPrimeOrder
  V-Sorting samples
  V-Sorting samples time: 00:00:00
  Allocating rank array
  Ranking v-sort output
  Ranking v-sort output time: 00:00:00
  Invoking Larsson-Sadakane on ranks
  Invoking Larsson-Sadakane on ranks time: 00:00:00
  Sanity-checking and returning
Building samples
Reserving space for 12 sample suffixes
Generating random suffixes
QSorting 12 sample offsets, eliminating duplicates
QSorting sample offsets, eliminating duplicates time: 00:00:00
Multikey QSorting 12 samples
  (Using difference cover)
  Multikey QSorting samples time: 00:00:00
Calculating bucket sizes
Splitting and merging
  Splitting and merging time: 00:00:00
Split 1, merged 7; iterating...
Splitting and merging
  Splitting and merging time: 00:00:00
Avg bucket size: 725296 (target: 951951)
Converting suffix-array elements to index image
Allocating ftab, absorbFtab
Entering Ebwt loop
Getting block 1 of 7
  Reserving size (951952) for bucket 1
  Calculating Z arrays for bucket 1
  Entering block accumulator loop for bucket 1:
  bucket 1: 10%
  bucket 1: 20%
  bucket 1: 30%
  bucket 1: 40%
  bucket 1: 50%
  bucket 1: 60%
  bucket 1: 70%
  bucket 1: 80%
  bucket 1: 90%
  bucket 1: 100%
  Sorting block of length 819623 for bucket 1
  (Using difference cover)
  Sorting block time: 00:00:00
Returning block of 819624 for bucket 1
Getting block 2 of 7
  Reserving size (951952) for bucket 2
  Calculating Z arrays for bucket 2
  Entering block accumulator loop for bucket 2:
  bucket 2: 10%
  bucket 2: 20%
  bucket 2: 30%
  bucket 2: 40%
  bucket 2: 50%
  bucket 2: 60%
  bucket 2: 70%
  bucket 2: 80%
  bucket 2: 90%
  bucket 2: 100%
  Sorting block of length 736381 for bucket 2
  (Using difference cover)
  Sorting block time: 00:00:00
Returning block of 736382 for bucket 2
Getting block 3 of 7
  Reserving size (951952) for bucket 3
  Calculating Z arrays for bucket 3
  Entering block accumulator loop for bucket 3:
  bucket 3: 10%
  bucket 3: 20%
  bucket 3: 30%
  bucket 3: 40%
  bucket 3: 50%
  bucket 3: 60%
  bucket 3: 70%
  bucket 3: 80%
  bucket 3: 90%
  bucket 3: 100%
  Sorting block of length 648593 for bucket 3
  (Using difference cover)
  Sorting block time: 00:00:00
Returning block of 648594 for bucket 3
Getting block 4 of 7
  Reserving size (951952) for bucket 4
  Calculating Z arrays for bucket 4
  Entering block accumulator loop for bucket 4:
  bucket 4: 10%
  bucket 4: 20%
  bucket 4: 30%
  bucket 4: 40%
  bucket 4: 50%
  bucket 4: 60%
  bucket 4: 70%
  bucket 4: 80%
  bucket 4: 90%
  bucket 4: 100%
  Sorting block of length 729066 for bucket 4
  (Using difference cover)
  Sorting block time: 00:00:00
Returning block of 729067 for bucket 4
Getting block 5 of 7
  Reserving size (951952) for bucket 5
  Calculating Z arrays for bucket 5
  Entering block accumulator loop for bucket 5:
  bucket 5: 10%
  bucket 5: 20%
  bucket 5: 30%
  bucket 5: 40%
  bucket 5: 50%
  bucket 5: 60%
  bucket 5: 70%
  bucket 5: 80%
  bucket 5: 90%
  bucket 5: 100%
  Sorting block of length 538312 for bucket 5
  (Using difference cover)
  Sorting block time: 00:00:00
Returning block of 538313 for bucket 5
Getting block 6 of 7
  Reserving size (951952) for bucket 6
  Calculating Z arrays for bucket 6
  Entering block accumulator loop for bucket 6:
  bucket 6: 10%
  bucket 6: 20%
  bucket 6: 30%
  bucket 6: 40%
  bucket 6: 50%
  bucket 6: 60%
  bucket 6: 70%
  bucket 6: 80%
  bucket 6: 90%
  bucket 6: 100%
  Sorting block of length 946591 for bucket 6
  (Using difference cover)
  Sorting block time: 00:00:00
Returning block of 946592 for bucket 6
Getting block 7 of 7
  Reserving size (951952) for bucket 7
  Calculating Z arrays for bucket 7
  Entering block accumulator loop for bucket 7:
  bucket 7: 10%
  bucket 7: 20%
  bucket 7: 30%
  bucket 7: 40%
  bucket 7: 50%
  bucket 7: 60%
  bucket 7: 70%
  bucket 7: 80%
  bucket 7: 90%
  bucket 7: 100%
  Sorting block of length 658505 for bucket 7
  (Using difference cover)
  Sorting block time: 00:00:00
Returning block of 658506 for bucket 7
Exited Ebwt loop
fchr[A]: 0
fchr[C]: 916581
fchr[G]: 2559619
fchr[T]: 4189938
fchr[$]: 5077077
Exiting Ebwt::buildToDisk()
Returning from initFromVector
Wrote 6626347 bytes to primary EBWT file: /workspaces/Capstone/work/read_mapping/mapped/SRR32830929.contigs.idx.rev.1.bt2.tmp
Wrote 1269276 bytes to secondary EBWT file: /workspaces/Capstone/work/read_mapping/mapped/SRR32830929.contigs.idx.rev.2.bt2.tmp
Re-opening _in1 and _in2 as input streams
Returning from Ebwt constructor
Headers:
    len: 5077077
    bwtLen: 5077078
    sz: 1269270
    bwtSz: 1269270
    lineRate: 6
    offRate: 4
    offMask: 0xfffffff0
    ftabChars: 10
    eftabLen: 20
    eftabSz: 80
    ftabLen: 1048577
    ftabSz: 4194308
    offsLen: 317318
    offsSz: 1269272
    lineSz: 64
    sideSz: 64
    sideBwtSz: 48
    sideBwtLen: 192
    numSides: 26444
    numLines: 26444
    ebwtTotLen: 1692416
    ebwtTotSz: 1692416
    color: 0
    reverse: 1
Total time for backward call to driver() for mirror index: 00:00:02
Renaming /workspaces/Capstone/work/read_mapping/mapped/SRR32830929.contigs.idx.3.bt2.tmp to /workspaces/Capstone/work/read_mapping/mapped/SRR32830929.contigs.idx.3.bt2
Renaming /workspaces/Capstone/work/read_mapping/mapped/SRR32830929.contigs.idx.4.bt2.tmp to /workspaces/Capstone/work/read_mapping/mapped/SRR32830929.contigs.idx.4.bt2
Renaming /workspaces/Capstone/work/read_mapping/mapped/SRR32830929.contigs.idx.1.bt2.tmp to /workspaces/Capstone/work/read_mapping/mapped/SRR32830929.contigs.idx.1.bt2
Renaming /workspaces/Capstone/work/read_mapping/mapped/SRR32830929.contigs.idx.2.bt2.tmp to /workspaces/Capstone/work/read_mapping/mapped/SRR32830929.contigs.idx.2.bt2
Renaming /workspaces/Capstone/work/read_mapping/mapped/SRR32830929.contigs.idx.rev.1.bt2.tmp to /workspaces/Capstone/work/read_mapping/mapped/SRR32830929.contigs.idx.rev.1.bt2
Renaming /workspaces/Capstone/work/read_mapping/mapped/SRR32830929.contigs.idx.rev.2.bt2.tmp to /workspaces/Capstone/work/read_mapping/mapped/SRR32830929.contigs.idx.rev.2.bt2
Mapping SRR32830929...
[WARNING] Failed to launch x86-64-v3 version, staying with default
[WARNING] Failed to launch x86-64-v3 version, staying with default
7295543 reads; of these:
  7295543 (100.00%) were paired; of these:
    7273123 (99.69%) aligned concordantly 0 times
    21695 (0.30%) aligned concordantly exactly 1 time
    725 (0.01%) aligned concordantly >1 times
    ----
    7273123 pairs aligned concordantly 0 times; of these:
      16559 (0.23%) aligned discordantly 1 time
    ----
    7256564 pairs aligned 0 times concordantly or discordantly; of these:
      14513128 mates make up the pairs; of these:
        14503956 (99.94%) aligned 0 times
        8786 (0.06%) aligned exactly 1 time
        386 (0.00%) aligned >1 times
0.60% overall alignment rate
DONE SRR32830929 -> /workspaces/Capstone/work/read_mapping/mapped/SRR32830929.sorted.bam (FASTQ cleaned up)
=== SRR32830929 ===
Using contigs: /workspaces/Capstone/work/prokka/SRR32830929/SRR32830929.fna
Downloading SRR32830929 from ENA...
Downloaded paired-end FASTQ for SRR32830929
Building bowtie2 index for SRR32830929...
Settings:
  Output files: "/workspaces/Capstone/work/read_mapping/mapped/SRR32830929.contigs.idx.*.bt2"
  Line rate: 6 (line is 64 bytes)
  Lines per side: 1 (side is 64 bytes)
  Offset rate: 4 (one in 16)
  FTable chars: 10
  Strings: unpacked
  Max bucket size: default
  Max bucket size, sqrt multiplier: default
  Max bucket size, len divisor: 4
  Difference-cover sample period: 1024
  Endianness: little
  Actual local endianness: little
  Sanity checking: disabled
  Assertions: disabled
  Random seed: 0
  Sizeofs: void*:8, int:4, long:8, size_t:8
Input files DNA, FASTA:
  /workspaces/Capstone/work/prokka/SRR32830929/SRR32830929.fna
Building a SMALL index
Reading reference sizes
  Time reading reference sizes: 00:00:00
Calculating joined length
Writing header
Reserving space for joined string
Joining reference sequences
  Time to join reference sequences: 00:00:00
bmax according to bmaxDivN setting: 1269269
Using parameters --bmax 951952 --dcv 1024
  Doing ahead-of-time memory usage test
  Passed!  Constructing with these parameters: --bmax 951952 --dcv 1024
Constructing suffix-array element generator
Building DifferenceCoverSample
  Building sPrime
  Building sPrimeOrder
  V-Sorting samples
  V-Sorting samples time: 00:00:00
  Allocating rank array
  Ranking v-sort output
  Ranking v-sort output time: 00:00:00
  Invoking Larsson-Sadakane on ranks
  Invoking Larsson-Sadakane on ranks time: 00:00:00
  Sanity-checking and returning
Building samples
Reserving space for 12 sample suffixes
Generating random suffixes
QSorting 12 sample offsets, eliminating duplicates
QSorting sample offsets, eliminating duplicates time: 00:00:00
Multikey QSorting 12 samples
  (Using difference cover)
  Multikey QSorting samples time: 00:00:00
Calculating bucket sizes
Splitting and merging
  Splitting and merging time: 00:00:00
Split 1, merged 6; iterating...
Splitting and merging
  Splitting and merging time: 00:00:00
Split 1, merged 0; iterating...
Splitting and merging
  Splitting and merging time: 00:00:00
Avg bucket size: 634634 (target: 951951)
Converting suffix-array elements to index image
Allocating ftab, absorbFtab
Entering Ebwt loop
Getting block 1 of 8
  Reserving size (951952) for bucket 1
  Calculating Z arrays for bucket 1
  Entering block accumulator loop for bucket 1:
  bucket 1: 10%
  bucket 1: 20%
  bucket 1: 30%
  bucket 1: 40%
  bucket 1: 50%
  bucket 1: 60%
  bucket 1: 70%
  bucket 1: 80%
  bucket 1: 90%
  bucket 1: 100%
  Sorting block of length 413952 for bucket 1
  (Using difference cover)
  Sorting block time: 00:00:00
Returning block of 413953 for bucket 1
Getting block 2 of 8
  Reserving size (951952) for bucket 2
  Calculating Z arrays for bucket 2
  Entering block accumulator loop for bucket 2:
  bucket 2: 10%
  bucket 2: 20%
  bucket 2: 30%
  bucket 2: 40%
  bucket 2: 50%
  bucket 2: 60%
  bucket 2: 70%
  bucket 2: 80%
  bucket 2: 90%
  bucket 2: 100%
  Sorting block of length 925874 for bucket 2
  (Using difference cover)
  Sorting block time: 00:00:00
Returning block of 925875 for bucket 2
Getting block 3 of 8
  Reserving size (951952) for bucket 3
  Calculating Z arrays for bucket 3
  Entering block accumulator loop for bucket 3:
  bucket 3: 10%
  bucket 3: 20%
  bucket 3: 30%
  bucket 3: 40%
  bucket 3: 50%
  bucket 3: 60%
  bucket 3: 70%
  bucket 3: 80%
  bucket 3: 90%
  bucket 3: 100%
  Sorting block of length 315160 for bucket 3
  (Using difference cover)
  Sorting block time: 00:00:00
Returning block of 315161 for bucket 3
Getting block 4 of 8
  Reserving size (951952) for bucket 4
  Calculating Z arrays for bucket 4
  Entering block accumulator loop for bucket 4:
  bucket 4: 10%
  bucket 4: 20%
  bucket 4: 30%
  bucket 4: 40%
  bucket 4: 50%
  bucket 4: 60%
  bucket 4: 70%
  bucket 4: 80%
  bucket 4: 90%
  bucket 4: 100%
  Sorting block of length 783350 for bucket 4
  (Using difference cover)
  Sorting block time: 00:00:00
Returning block of 783351 for bucket 4
Getting block 5 of 8
  Reserving size (951952) for bucket 5
  Calculating Z arrays for bucket 5
  Entering block accumulator loop for bucket 5:
  bucket 5: 10%
  bucket 5: 20%
  bucket 5: 30%
  bucket 5: 40%
  bucket 5: 50%
  bucket 5: 60%
  bucket 5: 70%
  bucket 5: 80%
  bucket 5: 90%
  bucket 5: 100%
  Sorting block of length 516565 for bucket 5
  (Using difference cover)
  Sorting block time: 00:00:00
Returning block of 516566 for bucket 5
Getting block 6 of 8
  Reserving size (951952) for bucket 6
  Calculating Z arrays for bucket 6
  Entering block accumulator loop for bucket 6:
  bucket 6: 10%
  bucket 6: 20%
  bucket 6: 30%
  bucket 6: 40%
  bucket 6: 50%
  bucket 6: 60%
  bucket 6: 70%
  bucket 6: 80%
  bucket 6: 90%
  bucket 6: 100%
  Sorting block of length 637600 for bucket 6
  (Using difference cover)
  Sorting block time: 00:00:00
Returning block of 637601 for bucket 6
Getting block 7 of 8
  Reserving size (951952) for bucket 7
  Calculating Z arrays for bucket 7
  Entering block accumulator loop for bucket 7:
  bucket 7: 10%
  bucket 7: 20%
  bucket 7: 30%
  bucket 7: 40%
  bucket 7: 50%
  bucket 7: 60%
  bucket 7: 70%
  bucket 7: 80%
  bucket 7: 90%
  bucket 7: 100%
  Sorting block of length 806978 for bucket 7
  (Using difference cover)
  Sorting block time: 00:00:00
Returning block of 806979 for bucket 7
Getting block 8 of 8
  Reserving size (951952) for bucket 8
  Calculating Z arrays for bucket 8
  Entering block accumulator loop for bucket 8:
  bucket 8: 10%
  bucket 8: 20%
  bucket 8: 30%
  bucket 8: 40%
  bucket 8: 50%
  bucket 8: 60%
  bucket 8: 70%
  bucket 8: 80%
  bucket 8: 90%
  bucket 8: 100%
  Sorting block of length 677591 for bucket 8
  (Using difference cover)
  Sorting block time: 00:00:00
Returning block of 677592 for bucket 8
Exited Ebwt loop
fchr[A]: 0
fchr[C]: 916581
fchr[G]: 2559619
fchr[T]: 4189938
fchr[$]: 5077077
Exiting Ebwt::buildToDisk()
Returning from initFromVector
Wrote 6244197 bytes to primary EBWT file: /workspaces/Capstone/work/read_mapping/mapped/SRR32830929.contigs.idx.1.bt2.tmp
Wrote 1269276 bytes to secondary EBWT file: /workspaces/Capstone/work/read_mapping/mapped/SRR32830929.contigs.idx.2.bt2.tmp
Re-opening _in1 and _in2 as input streams
Returning from Ebwt constructor
Headers:
    len: 5077077
    bwtLen: 5077078
    sz: 1269270
    bwtSz: 1269270
    lineRate: 6
    offRate: 4
    offMask: 0xfffffff0
    ftabChars: 10
    eftabLen: 20
    eftabSz: 80
    ftabLen: 1048577
    ftabSz: 4194308
    offsLen: 317318
    offsSz: 1269272
    lineSz: 64
    sideSz: 64
    sideBwtSz: 48
    sideBwtLen: 192
    numSides: 26444
    numLines: 26444
    ebwtTotLen: 1692416
    ebwtTotSz: 1692416
    color: 0
    reverse: 0
Total time for call to driver() for forward index: 00:00:01
Reading reference sizes
  Time reading reference sizes: 00:00:00
Calculating joined length
Writing header
Reserving space for joined string
Joining reference sequences
  Time to join reference sequences: 00:00:00
  Time to reverse reference sequence: 00:00:00
bmax according to bmaxDivN setting: 1269269
Using parameters --bmax 951952 --dcv 1024
  Doing ahead-of-time memory usage test
  Passed!  Constructing with these parameters: --bmax 951952 --dcv 1024
Constructing suffix-array element generator
Building DifferenceCoverSample
  Building sPrime
  Building sPrimeOrder
  V-Sorting samples
  V-Sorting samples time: 00:00:00
  Allocating rank array
  Ranking v-sort output
  Ranking v-sort output time: 00:00:00
  Invoking Larsson-Sadakane on ranks
  Invoking Larsson-Sadakane on ranks time: 00:00:01
  Sanity-checking and returning
Building samples
Reserving space for 12 sample suffixes
Generating random suffixes
QSorting 12 sample offsets, eliminating duplicates
QSorting sample offsets, eliminating duplicates time: 00:00:00
Multikey QSorting 12 samples
  (Using difference cover)
  Multikey QSorting samples time: 00:00:00
Calculating bucket sizes
Splitting and merging
  Splitting and merging time: 00:00:00
Split 1, merged 7; iterating...
Splitting and merging
  Splitting and merging time: 00:00:00
Avg bucket size: 725296 (target: 951951)
Converting suffix-array elements to index image
Allocating ftab, absorbFtab
Entering Ebwt loop
Getting block 1 of 7
  Reserving size (951952) for bucket 1
  Calculating Z arrays for bucket 1
  Entering block accumulator loop for bucket 1:
  bucket 1: 10%
  bucket 1: 20%
  bucket 1: 30%
  bucket 1: 40%
  bucket 1: 50%
  bucket 1: 60%
  bucket 1: 70%
  bucket 1: 80%
  bucket 1: 90%
  bucket 1: 100%
  Sorting block of length 819623 for bucket 1
  (Using difference cover)
  Sorting block time: 00:00:00
Returning block of 819624 for bucket 1
Getting block 2 of 7
  Reserving size (951952) for bucket 2
  Calculating Z arrays for bucket 2
  Entering block accumulator loop for bucket 2:
  bucket 2: 10%
  bucket 2: 20%
  bucket 2: 30%
  bucket 2: 40%
  bucket 2: 50%
  bucket 2: 60%
  bucket 2: 70%
  bucket 2: 80%
  bucket 2: 90%
  bucket 2: 100%
  Sorting block of length 736381 for bucket 2
  (Using difference cover)
  Sorting block time: 00:00:00
Returning block of 736382 for bucket 2
Getting block 3 of 7
  Reserving size (951952) for bucket 3
  Calculating Z arrays for bucket 3
  Entering block accumulator loop for bucket 3:
  bucket 3: 10%
  bucket 3: 20%
  bucket 3: 30%
  bucket 3: 40%
  bucket 3: 50%
  bucket 3: 60%
  bucket 3: 70%
  bucket 3: 80%
  bucket 3: 90%
  bucket 3: 100%
  Sorting block of length 648593 for bucket 3
  (Using difference cover)
  Sorting block time: 00:00:00
Returning block of 648594 for bucket 3
Getting block 4 of 7
  Reserving size (951952) for bucket 4
  Calculating Z arrays for bucket 4
  Entering block accumulator loop for bucket 4:
  bucket 4: 10%
  bucket 4: 20%
  bucket 4: 30%
  bucket 4: 40%
  bucket 4: 50%
  bucket 4: 60%
  bucket 4: 70%
  bucket 4: 80%
  bucket 4: 90%
  bucket 4: 100%
  Sorting block of length 729066 for bucket 4
  (Using difference cover)
  Sorting block time: 00:00:00
Returning block of 729067 for bucket 4
Getting block 5 of 7
  Reserving size (951952) for bucket 5
  Calculating Z arrays for bucket 5
  Entering block accumulator loop for bucket 5:
  bucket 5: 10%
  bucket 5: 20%
  bucket 5: 30%
  bucket 5: 40%
  bucket 5: 50%
  bucket 5: 60%
  bucket 5: 70%
  bucket 5: 80%
  bucket 5: 90%
  bucket 5: 100%
  Sorting block of length 538312 for bucket 5
  (Using difference cover)
  Sorting block time: 00:00:00
Returning block of 538313 for bucket 5
Getting block 6 of 7
  Reserving size (951952) for bucket 6
  Calculating Z arrays for bucket 6
  Entering block accumulator loop for bucket 6:
  bucket 6: 10%
  bucket 6: 20%
  bucket 6: 30%
  bucket 6: 40%
  bucket 6: 50%
  bucket 6: 60%
  bucket 6: 70%
  bucket 6: 80%
  bucket 6: 90%
  bucket 6: 100%
  Sorting block of length 946591 for bucket 6
  (Using difference cover)
  Sorting block time: 00:00:00
Returning block of 946592 for bucket 6
Getting block 7 of 7
  Reserving size (951952) for bucket 7
  Calculating Z arrays for bucket 7
  Entering block accumulator loop for bucket 7:
  bucket 7: 10%
  bucket 7: 20%
  bucket 7: 30%
  bucket 7: 40%
  bucket 7: 50%
  bucket 7: 60%
  bucket 7: 70%
  bucket 7: 80%
  bucket 7: 90%
  bucket 7: 100%
  Sorting block of length 658505 for bucket 7
  (Using difference cover)
  Sorting block time: 00:00:00
Returning block of 658506 for bucket 7
Exited Ebwt loop
fchr[A]: 0
fchr[C]: 916581
fchr[G]: 2559619
fchr[T]: 4189938
fchr[$]: 5077077
Exiting Ebwt::buildToDisk()
Returning from initFromVector
Wrote 6244197 bytes to primary EBWT file: /workspaces/Capstone/work/read_mapping/mapped/SRR32830929.contigs.idx.rev.1.bt2.tmp
Wrote 1269276 bytes to secondary EBWT file: /workspaces/Capstone/work/read_mapping/mapped/SRR32830929.contigs.idx.rev.2.bt2.tmp
Re-opening _in1 and _in2 as input streams
Returning from Ebwt constructor
Headers:
    len: 5077077
    bwtLen: 5077078
    sz: 1269270
    bwtSz: 1269270
    lineRate: 6
    offRate: 4
    offMask: 0xfffffff0
    ftabChars: 10
    eftabLen: 20
    eftabSz: 80
    ftabLen: 1048577
    ftabSz: 4194308
    offsLen: 317318
    offsSz: 1269272
    lineSz: 64
    sideSz: 64
    sideBwtSz: 48
    sideBwtLen: 192
    numSides: 26444
    numLines: 26444
    ebwtTotLen: 1692416
    ebwtTotSz: 1692416
    color: 0
    reverse: 1
Total time for backward call to driver() for mirror index: 00:00:02
Renaming /workspaces/Capstone/work/read_mapping/mapped/SRR32830929.contigs.idx.3.bt2.tmp to /workspaces/Capstone/work/read_mapping/mapped/SRR32830929.contigs.idx.3.bt2
Renaming /workspaces/Capstone/work/read_mapping/mapped/SRR32830929.contigs.idx.4.bt2.tmp to /workspaces/Capstone/work/read_mapping/mapped/SRR32830929.contigs.idx.4.bt2
Renaming /workspaces/Capstone/work/read_mapping/mapped/SRR32830929.contigs.idx.1.bt2.tmp to /workspaces/Capstone/work/read_mapping/mapped/SRR32830929.contigs.idx.1.bt2
Renaming /workspaces/Capstone/work/read_mapping/mapped/SRR32830929.contigs.idx.2.bt2.tmp to /workspaces/Capstone/work/read_mapping/mapped/SRR32830929.contigs.idx.2.bt2
Renaming /workspaces/Capstone/work/read_mapping/mapped/SRR32830929.contigs.idx.rev.1.bt2.tmp to /workspaces/Capstone/work/read_mapping/mapped/SRR32830929.contigs.idx.rev.1.bt2
Renaming /workspaces/Capstone/work/read_mapping/mapped/SRR32830929.contigs.idx.rev.2.bt2.tmp to /workspaces/Capstone/work/read_mapping/mapped/SRR32830929.contigs.idx.rev.2.bt2
Mapping SRR32830929...
[WARNING] Failed to launch x86-64-v3 version, staying with default
[WARNING] Failed to launch x86-64-v3 version, staying with default
7295543 reads; of these:
  7295543 (100.00%) were paired; of these:
    7273123 (99.69%) aligned concordantly 0 times
    21695 (0.30%) aligned concordantly exactly 1 time
    725 (0.01%) aligned concordantly >1 times
    ----
    7273123 pairs aligned concordantly 0 times; of these:
      16559 (0.23%) aligned discordantly 1 time
    ----
    7256564 pairs aligned 0 times concordantly or discordantly; of these:
      14513128 mates make up the pairs; of these:
        14503956 (99.94%) aligned 0 times
        8786 (0.06%) aligned exactly 1 time
        386 (0.00%) aligned >1 times
0.60% overall alignment rate
DONE SRR32830929 -> /workspaces/Capstone/work/read_mapping/mapped/SRR32830929.sorted.bam (FASTQ cleaned up)
=== SRR32830929 ===
Using contigs: /workspaces/Capstone/work/prokka/SRR32830929/SRR32830929.fna
SKIP: existing BAM found at /workspaces/Capstone/work/read_mapping/mapped/SRR32830929.sorted.bam
=== SRR32830929 ===
Using contigs: /workspaces/Capstone/work/prokka/SRR32830929/SRR32830929.fna
SKIP: existing BAM found at /workspaces/Capstone/work/read_mapping/mapped/SRR32830929.sorted.bam
=== SRR32830929 ===
Using contigs: /workspaces/Capstone/work/prokka/SRR32830929/SRR32830929.fna
SKIP: existing BAM found at /workspaces/Capstone/work/read_mapping/mapped/SRR32830929.sorted.bam
