=== SRR32830912 ===
Downloading SRR32830912 from ENA...
Downloaded paired-end FASTQ for SRR32830912
Building bowtie2 index for SRR32830912...
Settings:
  Output files: "/workspaces/Capstone/work/read_mapping/mapped/SRR32830912.contigs.idx.*.bt2"
  Line rate: 6 (line is 64 bytes)
  Lines per side: 1 (side is 64 bytes)
  Offset rate: 4 (one in 16)
  FTable chars: 10
  Strings: unpacked
  Max bucket size: default
  Max bucket size, sqrt multiplier: default
  Max bucket size, len divisor: 4
  Difference-cover sample period: 1024
  Endianness: little
  Actual local endianness: little
  Sanity checking: disabled
  Assertions: disabled
  Random seed: 0
  Sizeofs: void*:8, int:4, long:8, size_t:8
Input files DNA, FASTA:
  /workspaces/Capstone/work/assembly/SRR32830912/final.contigs.fa
Building a SMALL index
Reading reference sizes
  Time reading reference sizes: 00:00:00
Calculating joined length
Writing header
Reserving space for joined string
Joining reference sequences
  Time to join reference sequences: 00:00:00
bmax according to bmaxDivN setting: 4417657
Using parameters --bmax 3313243 --dcv 1024
  Doing ahead-of-time memory usage test
  Passed!  Constructing with these parameters: --bmax 3313243 --dcv 1024
Constructing suffix-array element generator
Building DifferenceCoverSample
  Building sPrime
  Building sPrimeOrder
  V-Sorting samples
  V-Sorting samples time: 00:00:00
  Allocating rank array
  Ranking v-sort output
  Ranking v-sort output time: 00:00:00
  Invoking Larsson-Sadakane on ranks
  Invoking Larsson-Sadakane on ranks time: 00:00:00
  Sanity-checking and returning
Building samples
Reserving space for 12 sample suffixes
Generating random suffixes
QSorting 12 sample offsets, eliminating duplicates
QSorting sample offsets, eliminating duplicates time: 00:00:00
Multikey QSorting 12 samples
  (Using difference cover)
  Multikey QSorting samples time: 00:00:00
Calculating bucket sizes
Splitting and merging
  Splitting and merging time: 00:00:00
Split 1, merged 8; iterating...
Splitting and merging
  Splitting and merging time: 00:00:00
Split 1, merged 0; iterating...
Splitting and merging
  Splitting and merging time: 00:00:00
Split 1, merged 1; iterating...
Splitting and merging
  Splitting and merging time: 00:00:00
Split 1, merged 0; iterating...
Splitting and merging
  Splitting and merging time: 00:00:00
Avg bucket size: 2.52437e+06 (target: 3313242)
Converting suffix-array elements to index image
Allocating ftab, absorbFtab
Entering Ebwt loop
Getting block 1 of 7
  Reserving size (3313243) for bucket 1
  Calculating Z arrays for bucket 1
  Entering block accumulator loop for bucket 1:
  bucket 1: 10%
  bucket 1: 20%
  bucket 1: 30%
  bucket 1: 40%
  bucket 1: 50%
  bucket 1: 60%
  bucket 1: 70%
  bucket 1: 80%
  bucket 1: 90%
  bucket 1: 100%
  Sorting block of length 2686107 for bucket 1
  (Using difference cover)
  Sorting block time: 00:00:00
Returning block of 2686108 for bucket 1
Getting block 2 of 7
  Reserving size (3313243) for bucket 2
  Calculating Z arrays for bucket 2
  Entering block accumulator loop for bucket 2:
  bucket 2: 10%
  bucket 2: 20%
  bucket 2: 30%
  bucket 2: 40%
  bucket 2: 50%
  bucket 2: 60%
  bucket 2: 70%
  bucket 2: 80%
  bucket 2: 90%
  bucket 2: 100%
  Sorting block of length 3166588 for bucket 2
  (Using difference cover)
  Sorting block time: 00:00:00
Returning block of 3166589 for bucket 2
Getting block 3 of 7
  Reserving size (3313243) for bucket 3
  Calculating Z arrays for bucket 3
  Entering block accumulator loop for bucket 3:
  bucket 3: 10%
  bucket 3: 20%
  bucket 3: 30%
  bucket 3: 40%
  bucket 3: 50%
  bucket 3: 60%
  bucket 3: 70%
  bucket 3: 80%
  bucket 3: 90%
  bucket 3: 100%
  Sorting block of length 1456623 for bucket 3
  (Using difference cover)
  Sorting block time: 00:00:00
Returning block of 1456624 for bucket 3
Getting block 4 of 7
  Reserving size (3313243) for bucket 4
  Calculating Z arrays for bucket 4
  Entering block accumulator loop for bucket 4:
  bucket 4: 10%
  bucket 4: 20%
  bucket 4: 30%
  bucket 4: 40%
  bucket 4: 50%
  bucket 4: 60%
  bucket 4: 70%
  bucket 4: 80%
  bucket 4: 90%
  bucket 4: 100%
  Sorting block of length 2618564 for bucket 4
  (Using difference cover)
  Sorting block time: 00:00:00
Returning block of 2618565 for bucket 4
Getting block 5 of 7
  Reserving size (3313243) for bucket 5
  Calculating Z arrays for bucket 5
  Entering block accumulator loop for bucket 5:
  bucket 5: 10%
  bucket 5: 20%
  bucket 5: 30%
  bucket 5: 40%
  bucket 5: 50%
  bucket 5: 60%
  bucket 5: 70%
  bucket 5: 80%
  bucket 5: 90%
  bucket 5: 100%
  Sorting block of length 2935125 for bucket 5
  (Using difference cover)
  Sorting block time: 00:00:01
Returning block of 2935126 for bucket 5
Getting block 6 of 7
  Reserving size (3313243) for bucket 6
  Calculating Z arrays for bucket 6
  Entering block accumulator loop for bucket 6:
  bucket 6: 10%
  bucket 6: 20%
  bucket 6: 30%
  bucket 6: 40%
  bucket 6: 50%
  bucket 6: 60%
  bucket 6: 70%
  bucket 6: 80%
  bucket 6: 90%
  bucket 6: 100%
  Sorting block of length 1764442 for bucket 6
  (Using difference cover)
  Sorting block time: 00:00:00
Returning block of 1764443 for bucket 6
Getting block 7 of 7
  Reserving size (3313243) for bucket 7
  Calculating Z arrays for bucket 7
  Entering block accumulator loop for bucket 7:
  bucket 7: 10%
  bucket 7: 20%
  bucket 7: 30%
  bucket 7: 40%
  bucket 7: 50%
  bucket 7: 60%
  bucket 7: 70%
  bucket 7: 80%
  bucket 7: 90%
  bucket 7: 100%
  Sorting block of length 3043175 for bucket 7
  (Using difference cover)
  Sorting block time: 00:00:01
Returning block of 3043176 for bucket 7
Exited Ebwt loop
fchr[A]: 0
fchr[C]: 3050316
fchr[G]: 8883707
fchr[T]: 14690729
fchr[$]: 17670630
Exiting Ebwt::buildToDisk()
Returning from initFromVector
Wrote 12779803 bytes to primary EBWT file: /workspaces/Capstone/work/read_mapping/mapped/SRR32830912.contigs.idx.1.bt2.tmp
Wrote 4417664 bytes to secondary EBWT file: /workspaces/Capstone/work/read_mapping/mapped/SRR32830912.contigs.idx.2.bt2.tmp
Re-opening _in1 and _in2 as input streams
Returning from Ebwt constructor
Headers:
    len: 17670630
    bwtLen: 17670631
    sz: 4417658
    bwtSz: 4417658
    lineRate: 6
    offRate: 4
    offMask: 0xfffffff0
    ftabChars: 10
    eftabLen: 20
    eftabSz: 80
    ftabLen: 1048577
    ftabSz: 4194308
    offsLen: 1104415
    offsSz: 4417660
    lineSz: 64
    sideSz: 64
    sideBwtSz: 48
    sideBwtLen: 192
    numSides: 92035
    numLines: 92035
    ebwtTotLen: 5890240
    ebwtTotSz: 5890240
    color: 0
    reverse: 0
Total time for call to driver() for forward index: 00:00:06
Reading reference sizes
  Time reading reference sizes: 00:00:00
Calculating joined length
Writing header
Reserving space for joined string
Joining reference sequences
  Time to join reference sequences: 00:00:00
  Time to reverse reference sequence: 00:00:00
bmax according to bmaxDivN setting: 4417657
Using parameters --bmax 3313243 --dcv 1024
  Doing ahead-of-time memory usage test
  Passed!  Constructing with these parameters: --bmax 3313243 --dcv 1024
Constructing suffix-array element generator
Building DifferenceCoverSample
  Building sPrime
  Building sPrimeOrder
  V-Sorting samples
  V-Sorting samples time: 00:00:00
  Allocating rank array
  Ranking v-sort output
  Ranking v-sort output time: 00:00:00
  Invoking Larsson-Sadakane on ranks
  Invoking Larsson-Sadakane on ranks time: 00:00:00
  Sanity-checking and returning
Building samples
Reserving space for 12 sample suffixes
Generating random suffixes
QSorting 12 sample offsets, eliminating duplicates
QSorting sample offsets, eliminating duplicates time: 00:00:00
Multikey QSorting 12 samples
  (Using difference cover)
  Multikey QSorting samples time: 00:00:00
Calculating bucket sizes
Splitting and merging
  Splitting and merging time: 00:00:00
Split 1, merged 6; iterating...
Splitting and merging
  Splitting and merging time: 00:00:00
Split 1, merged 1; iterating...
Splitting and merging
  Splitting and merging time: 00:00:00
Split 1, merged 1; iterating...
Splitting and merging
  Splitting and merging time: 00:00:00
Split 1, merged 0; iterating...
Splitting and merging
  Splitting and merging time: 00:00:00
Avg bucket size: 2.20883e+06 (target: 3313242)
Converting suffix-array elements to index image
Allocating ftab, absorbFtab
Entering Ebwt loop
Getting block 1 of 8
  Reserving size (3313243) for bucket 1
  Calculating Z arrays for bucket 1
  Entering block accumulator loop for bucket 1:
  bucket 1: 10%
  bucket 1: 20%
  bucket 1: 30%
  bucket 1: 40%
  bucket 1: 50%
  bucket 1: 60%
  bucket 1: 70%
  bucket 1: 80%
  bucket 1: 90%
  bucket 1: 100%
  Sorting block of length 2317112 for bucket 1
  (Using difference cover)
  Sorting block time: 00:00:00
Returning block of 2317113 for bucket 1
Getting block 2 of 8
  Reserving size (3313243) for bucket 2
  Calculating Z arrays for bucket 2
  Entering block accumulator loop for bucket 2:
  bucket 2: 10%
  bucket 2: 20%
  bucket 2: 30%
  bucket 2: 40%
  bucket 2: 50%
  bucket 2: 60%
  bucket 2: 70%
  bucket 2: 80%
  bucket 2: 90%
  bucket 2: 100%
  Sorting block of length 2247325 for bucket 2
  (Using difference cover)
  Sorting block time: 00:00:00
Returning block of 2247326 for bucket 2
Getting block 3 of 8
  Reserving size (3313243) for bucket 3
  Calculating Z arrays for bucket 3
  Entering block accumulator loop for bucket 3:
  bucket 3: 10%
  bucket 3: 20%
  bucket 3: 30%
  bucket 3: 40%
  bucket 3: 50%
  bucket 3: 60%
  bucket 3: 70%
  bucket 3: 80%
  bucket 3: 90%
  bucket 3: 100%
  Sorting block of length 2087091 for bucket 3
  (Using difference cover)
  Sorting block time: 00:00:00
Returning block of 2087092 for bucket 3
Getting block 4 of 8
  Reserving size (3313243) for bucket 4
  Calculating Z arrays for bucket 4
  Entering block accumulator loop for bucket 4:
  bucket 4: 10%
  bucket 4: 20%
  bucket 4: 30%
  bucket 4: 40%
  bucket 4: 50%
  bucket 4: 60%
  bucket 4: 70%
  bucket 4: 80%
  bucket 4: 90%
  bucket 4: 100%
  Sorting block of length 2926689 for bucket 4
  (Using difference cover)
  Sorting block time: 00:00:00
Returning block of 2926690 for bucket 4
Getting block 5 of 8
  Reserving size (3313243) for bucket 5
  Calculating Z arrays for bucket 5
  Entering block accumulator loop for bucket 5:
  bucket 5: 10%
  bucket 5: 20%
  bucket 5: 30%
  bucket 5: 40%
  bucket 5: 50%
  bucket 5: 60%
  bucket 5: 70%
  bucket 5: 80%
  bucket 5: 90%
  bucket 5: 100%
  Sorting block of length 1114185 for bucket 5
  (Using difference cover)
  Sorting block time: 00:00:01
Returning block of 1114186 for bucket 5
Getting block 6 of 8
  Reserving size (3313243) for bucket 6
  Calculating Z arrays for bucket 6
  Entering block accumulator loop for bucket 6:
  bucket 6: 10%
  bucket 6: 20%
  bucket 6: 30%
  bucket 6: 40%
  bucket 6: 50%
  bucket 6: 60%
  bucket 6: 70%
  bucket 6: 80%
  bucket 6: 90%
  bucket 6: 100%
  Sorting block of length 2798417 for bucket 6
  (Using difference cover)
  Sorting block time: 00:00:00
Returning block of 2798418 for bucket 6
Getting block 7 of 8
  Reserving size (3313243) for bucket 7
  Calculating Z arrays for bucket 7
  Entering block accumulator loop for bucket 7:
  bucket 7: 10%
  bucket 7: 20%
  bucket 7: 30%
  bucket 7: 40%
  bucket 7: 50%
  bucket 7: 60%
  bucket 7: 70%
  bucket 7: 80%
  bucket 7: 90%
  bucket 7: 100%
  Sorting block of length 1183564 for bucket 7
  (Using difference cover)
  Sorting block time: 00:00:01
Returning block of 1183565 for bucket 7
Getting block 8 of 8
  Reserving size (3313243) for bucket 8
  Calculating Z arrays for bucket 8
  Entering block accumulator loop for bucket 8:
  bucket 8: 10%
  bucket 8: 20%
  bucket 8: 30%
  bucket 8: 40%
  bucket 8: 50%
  bucket 8: 60%
  bucket 8: 70%
  bucket 8: 80%
  bucket 8: 90%
  bucket 8: 100%
  Sorting block of length 2996240 for bucket 8
  (Using difference cover)
  Sorting block time: 00:00:00
Returning block of 2996241 for bucket 8
Exited Ebwt loop
fchr[A]: 0
fchr[C]: 3050316
fchr[G]: 8883707
fchr[T]: 14690729
fchr[$]: 17670630
Exiting Ebwt::buildToDisk()
Returning from initFromVector
Wrote 12779803 bytes to primary EBWT file: /workspaces/Capstone/work/read_mapping/mapped/SRR32830912.contigs.idx.rev.1.bt2.tmp
Wrote 4417664 bytes to secondary EBWT file: /workspaces/Capstone/work/read_mapping/mapped/SRR32830912.contigs.idx.rev.2.bt2.tmp
Re-opening _in1 and _in2 as input streams
Returning from Ebwt constructor
Headers:
    len: 17670630
    bwtLen: 17670631
    sz: 4417658
    bwtSz: 4417658
    lineRate: 6
    offRate: 4
    offMask: 0xfffffff0
    ftabChars: 10
    eftabLen: 20
    eftabSz: 80
    ftabLen: 1048577
    ftabSz: 4194308
    offsLen: 1104415
    offsSz: 4417660
    lineSz: 64
    sideSz: 64
    sideBwtSz: 48
    sideBwtLen: 192
    numSides: 92035
    numLines: 92035
    ebwtTotLen: 5890240
    ebwtTotSz: 5890240
    color: 0
    reverse: 1
Total time for backward call to driver() for mirror index: 00:00:06
Renaming /workspaces/Capstone/work/read_mapping/mapped/SRR32830912.contigs.idx.3.bt2.tmp to /workspaces/Capstone/work/read_mapping/mapped/SRR32830912.contigs.idx.3.bt2
Renaming /workspaces/Capstone/work/read_mapping/mapped/SRR32830912.contigs.idx.4.bt2.tmp to /workspaces/Capstone/work/read_mapping/mapped/SRR32830912.contigs.idx.4.bt2
Renaming /workspaces/Capstone/work/read_mapping/mapped/SRR32830912.contigs.idx.1.bt2.tmp to /workspaces/Capstone/work/read_mapping/mapped/SRR32830912.contigs.idx.1.bt2
Renaming /workspaces/Capstone/work/read_mapping/mapped/SRR32830912.contigs.idx.2.bt2.tmp to /workspaces/Capstone/work/read_mapping/mapped/SRR32830912.contigs.idx.2.bt2
Renaming /workspaces/Capstone/work/read_mapping/mapped/SRR32830912.contigs.idx.rev.1.bt2.tmp to /workspaces/Capstone/work/read_mapping/mapped/SRR32830912.contigs.idx.rev.1.bt2
Renaming /workspaces/Capstone/work/read_mapping/mapped/SRR32830912.contigs.idx.rev.2.bt2.tmp to /workspaces/Capstone/work/read_mapping/mapped/SRR32830912.contigs.idx.rev.2.bt2
Mapping SRR32830912...
[WARNING] Failed to launch x86-64-v3 version, staying with default
[WARNING] Failed to launch x86-64-v3 version, staying with default
7123899 reads; of these:
  7123899 (100.00%) were paired; of these:
    7052824 (99.00%) aligned concordantly 0 times
    71057 (1.00%) aligned concordantly exactly 1 time
    18 (0.00%) aligned concordantly >1 times
    ----
    7052824 pairs aligned concordantly 0 times; of these:
      18085 (0.26%) aligned discordantly 1 time
    ----
    7034739 pairs aligned 0 times concordantly or discordantly; of these:
      14069478 mates make up the pairs; of these:
        14036902 (99.77%) aligned 0 times
        32529 (0.23%) aligned exactly 1 time
        47 (0.00%) aligned >1 times
1.48% overall alignment rate
DONE SRR32830912 -> /workspaces/Capstone/work/read_mapping/mapped/SRR32830912.sorted.bam (FASTQ cleaned up)
=== SRR32830912 ===
Using contigs: /workspaces/Capstone/work/prokka/SRR32830912/SRR32830912.fna
Downloading SRR32830912 from ENA...
Downloaded paired-end FASTQ for SRR32830912
Building bowtie2 index for SRR32830912...
Settings:
  Output files: "/workspaces/Capstone/work/read_mapping/mapped/SRR32830912.contigs.idx.*.bt2"
  Line rate: 6 (line is 64 bytes)
  Lines per side: 1 (side is 64 bytes)
  Offset rate: 4 (one in 16)
  FTable chars: 10
  Strings: unpacked
  Max bucket size: default
  Max bucket size, sqrt multiplier: default
  Max bucket size, len divisor: 4
  Difference-cover sample period: 1024
  Endianness: little
  Actual local endianness: little
  Sanity checking: disabled
  Assertions: disabled
  Random seed: 0
  Sizeofs: void*:8, int:4, long:8, size_t:8
Input files DNA, FASTA:
  /workspaces/Capstone/work/prokka/SRR32830912/SRR32830912.fna
Building a SMALL index
Reading reference sizes
  Time reading reference sizes: 00:00:03
Calculating joined length
Writing header
Reserving space for joined string
Joining reference sequences
  Time to join reference sequences: 00:00:00
bmax according to bmaxDivN setting: 4417657
Using parameters --bmax 3313243 --dcv 1024
  Doing ahead-of-time memory usage test
  Passed!  Constructing with these parameters: --bmax 3313243 --dcv 1024
Constructing suffix-array element generator
Building DifferenceCoverSample
  Building sPrime
  Building sPrimeOrder
  V-Sorting samples
  V-Sorting samples time: 00:00:00
  Allocating rank array
  Ranking v-sort output
  Ranking v-sort output time: 00:00:00
  Invoking Larsson-Sadakane on ranks
  Invoking Larsson-Sadakane on ranks time: 00:00:00
  Sanity-checking and returning
Building samples
Reserving space for 12 sample suffixes
Generating random suffixes
QSorting 12 sample offsets, eliminating duplicates
QSorting sample offsets, eliminating duplicates time: 00:00:00
Multikey QSorting 12 samples
  (Using difference cover)
  Multikey QSorting samples time: 00:00:00
Calculating bucket sizes
Splitting and merging
  Splitting and merging time: 00:00:00
Split 1, merged 8; iterating...
Splitting and merging
  Splitting and merging time: 00:00:00
Split 1, merged 0; iterating...
Splitting and merging
  Splitting and merging time: 00:00:00
Split 1, merged 1; iterating...
Splitting and merging
  Splitting and merging time: 00:00:00
Split 1, merged 0; iterating...
Splitting and merging
  Splitting and merging time: 00:00:00
Avg bucket size: 2.52437e+06 (target: 3313242)
Converting suffix-array elements to index image
Allocating ftab, absorbFtab
Entering Ebwt loop
Getting block 1 of 7
  Reserving size (3313243) for bucket 1
  Calculating Z arrays for bucket 1
  Entering block accumulator loop for bucket 1:
  bucket 1: 10%
  bucket 1: 20%
  bucket 1: 30%
  bucket 1: 40%
  bucket 1: 50%
  bucket 1: 60%
  bucket 1: 70%
  bucket 1: 80%
  bucket 1: 90%
  bucket 1: 100%
  Sorting block of length 2686107 for bucket 1
  (Using difference cover)
  Sorting block time: 00:00:00
Returning block of 2686108 for bucket 1
Getting block 2 of 7
  Reserving size (3313243) for bucket 2
  Calculating Z arrays for bucket 2
  Entering block accumulator loop for bucket 2:
  bucket 2: 10%
  bucket 2: 20%
  bucket 2: 30%
  bucket 2: 40%
  bucket 2: 50%
  bucket 2: 60%
  bucket 2: 70%
  bucket 2: 80%
  bucket 2: 90%
  bucket 2: 100%
  Sorting block of length 3166588 for bucket 2
  (Using difference cover)
  Sorting block time: 00:00:00
Returning block of 3166589 for bucket 2
Getting block 3 of 7
  Reserving size (3313243) for bucket 3
  Calculating Z arrays for bucket 3
  Entering block accumulator loop for bucket 3:
  bucket 3: 10%
  bucket 3: 20%
  bucket 3: 30%
  bucket 3: 40%
  bucket 3: 50%
  bucket 3: 60%
  bucket 3: 70%
  bucket 3: 80%
  bucket 3: 90%
  bucket 3: 100%
  Sorting block of length 1456623 for bucket 3
  (Using difference cover)
  Sorting block time: 00:00:00
Returning block of 1456624 for bucket 3
Getting block 4 of 7
  Reserving size (3313243) for bucket 4
  Calculating Z arrays for bucket 4
  Entering block accumulator loop for bucket 4:
  bucket 4: 10%
  bucket 4: 20%
  bucket 4: 30%
  bucket 4: 40%
  bucket 4: 50%
  bucket 4: 60%
  bucket 4: 70%
  bucket 4: 80%
  bucket 4: 90%
  bucket 4: 100%
  Sorting block of length 2618564 for bucket 4
  (Using difference cover)
  Sorting block time: 00:00:00
Returning block of 2618565 for bucket 4
Getting block 5 of 7
  Reserving size (3313243) for bucket 5
  Calculating Z arrays for bucket 5
  Entering block accumulator loop for bucket 5:
  bucket 5: 10%
  bucket 5: 20%
  bucket 5: 30%
  bucket 5: 40%
  bucket 5: 50%
  bucket 5: 60%
  bucket 5: 70%
  bucket 5: 80%
  bucket 5: 90%
  bucket 5: 100%
  Sorting block of length 2935125 for bucket 5
  (Using difference cover)
  Sorting block time: 00:00:01
Returning block of 2935126 for bucket 5
Getting block 6 of 7
  Reserving size (3313243) for bucket 6
  Calculating Z arrays for bucket 6
  Entering block accumulator loop for bucket 6:
  bucket 6: 10%
  bucket 6: 20%
  bucket 6: 30%
  bucket 6: 40%
  bucket 6: 50%
  bucket 6: 60%
  bucket 6: 70%
  bucket 6: 80%
  bucket 6: 90%
  bucket 6: 100%
  Sorting block of length 1764442 for bucket 6
  (Using difference cover)
  Sorting block time: 00:00:00
Returning block of 1764443 for bucket 6
Getting block 7 of 7
  Reserving size (3313243) for bucket 7
  Calculating Z arrays for bucket 7
  Entering block accumulator loop for bucket 7:
  bucket 7: 10%
  bucket 7: 20%
  bucket 7: 30%
  bucket 7: 40%
  bucket 7: 50%
  bucket 7: 60%
  bucket 7: 70%
  bucket 7: 80%
  bucket 7: 90%
  bucket 7: 100%
  Sorting block of length 3043175 for bucket 7
  (Using difference cover)
  Sorting block time: 00:00:01
Returning block of 3043176 for bucket 7
Exited Ebwt loop
fchr[A]: 0
fchr[C]: 3050316
fchr[G]: 8883707
fchr[T]: 14690729
fchr[$]: 17670630
Exiting Ebwt::buildToDisk()
Returning from initFromVector
Wrote 11402087 bytes to primary EBWT file: /workspaces/Capstone/work/read_mapping/mapped/SRR32830912.contigs.idx.1.bt2.tmp
Wrote 4417664 bytes to secondary EBWT file: /workspaces/Capstone/work/read_mapping/mapped/SRR32830912.contigs.idx.2.bt2.tmp
Re-opening _in1 and _in2 as input streams
Returning from Ebwt constructor
Headers:
    len: 17670630
    bwtLen: 17670631
    sz: 4417658
    bwtSz: 4417658
    lineRate: 6
    offRate: 4
    offMask: 0xfffffff0
    ftabChars: 10
    eftabLen: 20
    eftabSz: 80
    ftabLen: 1048577
    ftabSz: 4194308
    offsLen: 1104415
    offsSz: 4417660
    lineSz: 64
    sideSz: 64
    sideBwtSz: 48
    sideBwtLen: 192
    numSides: 92035
    numLines: 92035
    ebwtTotLen: 5890240
    ebwtTotSz: 5890240
    color: 0
    reverse: 0
Total time for call to driver() for forward index: 00:00:10
Reading reference sizes
  Time reading reference sizes: 00:00:00
Calculating joined length
Writing header
Reserving space for joined string
Joining reference sequences
  Time to join reference sequences: 00:00:00
  Time to reverse reference sequence: 00:00:00
bmax according to bmaxDivN setting: 4417657
Using parameters --bmax 3313243 --dcv 1024
  Doing ahead-of-time memory usage test
  Passed!  Constructing with these parameters: --bmax 3313243 --dcv 1024
Constructing suffix-array element generator
Building DifferenceCoverSample
  Building sPrime
  Building sPrimeOrder
  V-Sorting samples
  V-Sorting samples time: 00:00:00
  Allocating rank array
  Ranking v-sort output
  Ranking v-sort output time: 00:00:00
  Invoking Larsson-Sadakane on ranks
  Invoking Larsson-Sadakane on ranks time: 00:00:00
  Sanity-checking and returning
Building samples
Reserving space for 12 sample suffixes
Generating random suffixes
QSorting 12 sample offsets, eliminating duplicates
QSorting sample offsets, eliminating duplicates time: 00:00:00
Multikey QSorting 12 samples
  (Using difference cover)
  Multikey QSorting samples time: 00:00:00
Calculating bucket sizes
Splitting and merging
  Splitting and merging time: 00:00:00
Split 1, merged 6; iterating...
Splitting and merging
  Splitting and merging time: 00:00:00
Split 1, merged 1; iterating...
Splitting and merging
  Splitting and merging time: 00:00:00
Split 1, merged 1; iterating...
Splitting and merging
  Splitting and merging time: 00:00:00
Split 1, merged 0; iterating...
Splitting and merging
  Splitting and merging time: 00:00:00
Avg bucket size: 2.20883e+06 (target: 3313242)
Converting suffix-array elements to index image
Allocating ftab, absorbFtab
Entering Ebwt loop
Getting block 1 of 8
  Reserving size (3313243) for bucket 1
  Calculating Z arrays for bucket 1
  Entering block accumulator loop for bucket 1:
  bucket 1: 10%
  bucket 1: 20%
  bucket 1: 30%
  bucket 1: 40%
  bucket 1: 50%
  bucket 1: 60%
  bucket 1: 70%
  bucket 1: 80%
  bucket 1: 90%
  bucket 1: 100%
  Sorting block of length 2317112 for bucket 1
  (Using difference cover)
  Sorting block time: 00:00:00
Returning block of 2317113 for bucket 1
Getting block 2 of 8
  Reserving size (3313243) for bucket 2
  Calculating Z arrays for bucket 2
  Entering block accumulator loop for bucket 2:
  bucket 2: 10%
  bucket 2: 20%
  bucket 2: 30%
  bucket 2: 40%
  bucket 2: 50%
  bucket 2: 60%
  bucket 2: 70%
  bucket 2: 80%
  bucket 2: 90%
  bucket 2: 100%
  Sorting block of length 2247325 for bucket 2
  (Using difference cover)
  Sorting block time: 00:00:00
Returning block of 2247326 for bucket 2
Getting block 3 of 8
  Reserving size (3313243) for bucket 3
  Calculating Z arrays for bucket 3
  Entering block accumulator loop for bucket 3:
  bucket 3: 10%
  bucket 3: 20%
  bucket 3: 30%
  bucket 3: 40%
  bucket 3: 50%
  bucket 3: 60%
  bucket 3: 70%
  bucket 3: 80%
  bucket 3: 90%
  bucket 3: 100%
  Sorting block of length 2087091 for bucket 3
  (Using difference cover)
  Sorting block time: 00:00:00
Returning block of 2087092 for bucket 3
Getting block 4 of 8
  Reserving size (3313243) for bucket 4
  Calculating Z arrays for bucket 4
  Entering block accumulator loop for bucket 4:
  bucket 4: 10%
  bucket 4: 20%
  bucket 4: 30%
  bucket 4: 40%
  bucket 4: 50%
  bucket 4: 60%
  bucket 4: 70%
  bucket 4: 80%
  bucket 4: 90%
  bucket 4: 100%
  Sorting block of length 2926689 for bucket 4
  (Using difference cover)
  Sorting block time: 00:00:00
Returning block of 2926690 for bucket 4
Getting block 5 of 8
  Reserving size (3313243) for bucket 5
  Calculating Z arrays for bucket 5
  Entering block accumulator loop for bucket 5:
  bucket 5: 10%
  bucket 5: 20%
  bucket 5: 30%
  bucket 5: 40%
  bucket 5: 50%
  bucket 5: 60%
  bucket 5: 70%
  bucket 5: 80%
  bucket 5: 90%
  bucket 5: 100%
  Sorting block of length 1114185 for bucket 5
  (Using difference cover)
  Sorting block time: 00:00:00
Returning block of 1114186 for bucket 5
Getting block 6 of 8
  Reserving size (3313243) for bucket 6
  Calculating Z arrays for bucket 6
  Entering block accumulator loop for bucket 6:
  bucket 6: 10%
  bucket 6: 20%
  bucket 6: 30%
  bucket 6: 40%
  bucket 6: 50%
  bucket 6: 60%
  bucket 6: 70%
  bucket 6: 80%
  bucket 6: 90%
  bucket 6: 100%
  Sorting block of length 2798417 for bucket 6
  (Using difference cover)
  Sorting block time: 00:00:00
Returning block of 2798418 for bucket 6
Getting block 7 of 8
  Reserving size (3313243) for bucket 7
  Calculating Z arrays for bucket 7
  Entering block accumulator loop for bucket 7:
  bucket 7: 10%
  bucket 7: 20%
  bucket 7: 30%
  bucket 7: 40%
  bucket 7: 50%
  bucket 7: 60%
  bucket 7: 70%
  bucket 7: 80%
  bucket 7: 90%
  bucket 7: 100%
  Sorting block of length 1183564 for bucket 7
  (Using difference cover)
  Sorting block time: 00:00:00
Returning block of 1183565 for bucket 7
Getting block 8 of 8
  Reserving size (3313243) for bucket 8
  Calculating Z arrays for bucket 8
  Entering block accumulator loop for bucket 8:
  bucket 8: 10%
  bucket 8: 20%
  bucket 8: 30%
  bucket 8: 40%
  bucket 8: 50%
  bucket 8: 60%
  bucket 8: 70%
  bucket 8: 80%
  bucket 8: 90%
  bucket 8: 100%
  Sorting block of length 2996240 for bucket 8
  (Using difference cover)
  Sorting block time: 00:00:00
Returning block of 2996241 for bucket 8
Exited Ebwt loop
fchr[A]: 0
fchr[C]: 3050316
fchr[G]: 8883707
fchr[T]: 14690729
fchr[$]: 17670630
Exiting Ebwt::buildToDisk()
Returning from initFromVector
Wrote 11402087 bytes to primary EBWT file: /workspaces/Capstone/work/read_mapping/mapped/SRR32830912.contigs.idx.rev.1.bt2.tmp
Wrote 4417664 bytes to secondary EBWT file: /workspaces/Capstone/work/read_mapping/mapped/SRR32830912.contigs.idx.rev.2.bt2.tmp
Re-opening _in1 and _in2 as input streams
Returning from Ebwt constructor
Headers:
    len: 17670630
    bwtLen: 17670631
    sz: 4417658
    bwtSz: 4417658
    lineRate: 6
    offRate: 4
    offMask: 0xfffffff0
    ftabChars: 10
    eftabLen: 20
    eftabSz: 80
    ftabLen: 1048577
    ftabSz: 4194308
    offsLen: 1104415
    offsSz: 4417660
    lineSz: 64
    sideSz: 64
    sideBwtSz: 48
    sideBwtLen: 192
    numSides: 92035
    numLines: 92035
    ebwtTotLen: 5890240
    ebwtTotSz: 5890240
    color: 0
    reverse: 1
Total time for backward call to driver() for mirror index: 00:00:07
Renaming /workspaces/Capstone/work/read_mapping/mapped/SRR32830912.contigs.idx.3.bt2.tmp to /workspaces/Capstone/work/read_mapping/mapped/SRR32830912.contigs.idx.3.bt2
Renaming /workspaces/Capstone/work/read_mapping/mapped/SRR32830912.contigs.idx.4.bt2.tmp to /workspaces/Capstone/work/read_mapping/mapped/SRR32830912.contigs.idx.4.bt2
Renaming /workspaces/Capstone/work/read_mapping/mapped/SRR32830912.contigs.idx.1.bt2.tmp to /workspaces/Capstone/work/read_mapping/mapped/SRR32830912.contigs.idx.1.bt2
Renaming /workspaces/Capstone/work/read_mapping/mapped/SRR32830912.contigs.idx.2.bt2.tmp to /workspaces/Capstone/work/read_mapping/mapped/SRR32830912.contigs.idx.2.bt2
Renaming /workspaces/Capstone/work/read_mapping/mapped/SRR32830912.contigs.idx.rev.1.bt2.tmp to /workspaces/Capstone/work/read_mapping/mapped/SRR32830912.contigs.idx.rev.1.bt2
Renaming /workspaces/Capstone/work/read_mapping/mapped/SRR32830912.contigs.idx.rev.2.bt2.tmp to /workspaces/Capstone/work/read_mapping/mapped/SRR32830912.contigs.idx.rev.2.bt2
Mapping SRR32830912...
[WARNING] Failed to launch x86-64-v3 version, staying with default
[WARNING] Failed to launch x86-64-v3 version, staying with default
7123899 reads; of these:
  7123899 (100.00%) were paired; of these:
    7052824 (99.00%) aligned concordantly 0 times
    71057 (1.00%) aligned concordantly exactly 1 time
    18 (0.00%) aligned concordantly >1 times
    ----
    7052824 pairs aligned concordantly 0 times; of these:
      18085 (0.26%) aligned discordantly 1 time
    ----
    7034739 pairs aligned 0 times concordantly or discordantly; of these:
      14069478 mates make up the pairs; of these:
        14036902 (99.77%) aligned 0 times
        32529 (0.23%) aligned exactly 1 time
        47 (0.00%) aligned >1 times
1.48% overall alignment rate
DONE SRR32830912 -> /workspaces/Capstone/work/read_mapping/mapped/SRR32830912.sorted.bam (FASTQ cleaned up)
=== SRR32830912 ===
Using contigs: /workspaces/Capstone/work/prokka/SRR32830912/SRR32830912.fna
SKIP: existing BAM found at /workspaces/Capstone/work/read_mapping/mapped/SRR32830912.sorted.bam
=== SRR32830912 ===
Using contigs: /workspaces/Capstone/work/prokka/SRR32830912/SRR32830912.fna
SKIP: existing BAM found at /workspaces/Capstone/work/read_mapping/mapped/SRR32830912.sorted.bam
=== SRR32830912 ===
Using contigs: /workspaces/Capstone/work/prokka/SRR32830912/SRR32830912.fna
SKIP: existing BAM found at /workspaces/Capstone/work/read_mapping/mapped/SRR32830912.sorted.bam
