=== SRR32256216 ===
Using contigs: /workspaces/Capstone/work/prokka/SRR32256216/SRR32256216.fna
Downloading SRR32256216 from ENA...
Downloaded paired-end FASTQ for SRR32256216
Building bowtie2 index for SRR32256216...
Settings:
  Output files: "/workspaces/Capstone/work/read_mapping/mapped/SRR32256216.contigs.idx.*.bt2"
  Line rate: 6 (line is 64 bytes)
  Lines per side: 1 (side is 64 bytes)
  Offset rate: 4 (one in 16)
  FTable chars: 10
  Strings: unpacked
  Max bucket size: default
  Max bucket size, sqrt multiplier: default
  Max bucket size, len divisor: 4
  Difference-cover sample period: 1024
  Endianness: little
  Actual local endianness: little
  Sanity checking: disabled
  Assertions: disabled
  Random seed: 0
  Sizeofs: void*:8, int:4, long:8, size_t:8
Input files DNA, FASTA:
  /workspaces/Capstone/work/prokka/SRR32256216/SRR32256216.fna
Building a SMALL index
Reading reference sizes
  Time reading reference sizes: 00:00:01
Calculating joined length
Writing header
Reserving space for joined string
Joining reference sequences
  Time to join reference sequences: 00:00:00
bmax according to bmaxDivN setting: 32667972
Using parameters --bmax 24500979 --dcv 1024
  Doing ahead-of-time memory usage test
  Passed!  Constructing with these parameters: --bmax 24500979 --dcv 1024
Constructing suffix-array element generator
Building DifferenceCoverSample
  Building sPrime
  Building sPrimeOrder
  V-Sorting samples
  V-Sorting samples time: 00:00:01
  Allocating rank array
  Ranking v-sort output
  Ranking v-sort output time: 00:00:00
  Invoking Larsson-Sadakane on ranks
  Invoking Larsson-Sadakane on ranks time: 00:00:01
  Sanity-checking and returning
Building samples
Reserving space for 12 sample suffixes
Generating random suffixes
QSorting 12 sample offsets, eliminating duplicates
QSorting sample offsets, eliminating duplicates time: 00:00:00
Multikey QSorting 12 samples
  (Using difference cover)
  Multikey QSorting samples time: 00:00:00
Calculating bucket sizes
Splitting and merging
  Splitting and merging time: 00:00:00
Split 1, merged 6; iterating...
Splitting and merging
  Splitting and merging time: 00:00:00
Avg bucket size: 1.6334e+07 (target: 24500978)
Converting suffix-array elements to index image
Allocating ftab, absorbFtab
Entering Ebwt loop
Getting block 1 of 8
  Reserving size (24500979) for bucket 1
  Calculating Z arrays for bucket 1
  Entering block accumulator loop for bucket 1:
  bucket 1: 10%
  bucket 1: 20%
  bucket 1: 30%
  bucket 1: 40%
  bucket 1: 50%
  bucket 1: 60%
  bucket 1: 70%
  bucket 1: 80%
  bucket 1: 90%
  bucket 1: 100%
  Sorting block of length 6652871 for bucket 1
  (Using difference cover)
  Sorting block time: 00:00:01
Returning block of 6652872 for bucket 1
Getting block 2 of 8
  Reserving size (24500979) for bucket 2
  Calculating Z arrays for bucket 2
  Entering block accumulator loop for bucket 2:
  bucket 2: 10%
  bucket 2: 20%
  bucket 2: 30%
  bucket 2: 40%
  bucket 2: 50%
  bucket 2: 60%
  bucket 2: 70%
  bucket 2: 80%
  bucket 2: 90%
  bucket 2: 100%
  Sorting block of length 21487511 for bucket 2
  (Using difference cover)
  Sorting block time: 00:00:03
Returning block of 21487512 for bucket 2
Getting block 3 of 8
  Reserving size (24500979) for bucket 3
  Calculating Z arrays for bucket 3
  Entering block accumulator loop for bucket 3:
  bucket 3: 10%
  bucket 3: 20%
  bucket 3: 30%
  bucket 3: 40%
  bucket 3: 50%
  bucket 3: 60%
  bucket 3: 70%
  bucket 3: 80%
  bucket 3: 90%
  bucket 3: 100%
  Sorting block of length 15808826 for bucket 3
  (Using difference cover)
  Sorting block time: 00:00:02
Returning block of 15808827 for bucket 3
Getting block 4 of 8
  Reserving size (24500979) for bucket 4
  Calculating Z arrays for bucket 4
  Entering block accumulator loop for bucket 4:
  bucket 4: 10%
  bucket 4: 20%
  bucket 4: 30%
  bucket 4: 40%
  bucket 4: 50%
  bucket 4: 60%
  bucket 4: 70%
  bucket 4: 80%
  bucket 4: 90%
  bucket 4: 100%
  Sorting block of length 14900227 for bucket 4
  (Using difference cover)
  Sorting block time: 00:00:01
Returning block of 14900228 for bucket 4
Getting block 5 of 8
  Reserving size (24500979) for bucket 5
  Calculating Z arrays for bucket 5
  Entering block accumulator loop for bucket 5:
  bucket 5: 10%
  bucket 5: 20%
  bucket 5: 30%
  bucket 5: 40%
  bucket 5: 50%
  bucket 5: 60%
  bucket 5: 70%
  bucket 5: 80%
  bucket 5: 90%
  bucket 5: 100%
  Sorting block of length 21012158 for bucket 5
  (Using difference cover)
  Sorting block time: 00:00:02
Returning block of 21012159 for bucket 5
Getting block 6 of 8
  Reserving size (24500979) for bucket 6
  Calculating Z arrays for bucket 6
  Entering block accumulator loop for bucket 6:
  bucket 6: 10%
  bucket 6: 20%
  bucket 6: 30%
  bucket 6: 40%
  bucket 6: 50%
  bucket 6: 60%
  bucket 6: 70%
  bucket 6: 80%
  bucket 6: 90%
  bucket 6: 100%
  Sorting block of length 8623255 for bucket 6
  (Using difference cover)
  Sorting block time: 00:00:01
Returning block of 8623256 for bucket 6
Getting block 7 of 8
  Reserving size (24500979) for bucket 7
  Calculating Z arrays for bucket 7
  Entering block accumulator loop for bucket 7:
  bucket 7: 10%
  bucket 7: 20%
  bucket 7: 30%
  bucket 7: 40%
  bucket 7: 50%
  bucket 7: 60%
  bucket 7: 70%
  bucket 7: 80%
  bucket 7: 90%
  bucket 7: 100%
  Sorting block of length 20085710 for bucket 7
  (Using difference cover)
  Sorting block time: 00:00:02
Returning block of 20085711 for bucket 7
Getting block 8 of 8
  Reserving size (24500979) for bucket 8
  Calculating Z arrays for bucket 8
  Entering block accumulator loop for bucket 8:
  bucket 8: 10%
  bucket 8: 20%
  bucket 8: 30%
  bucket 8: 40%
  bucket 8: 50%
  bucket 8: 60%
  bucket 8: 70%
  bucket 8: 80%
  bucket 8: 90%
  bucket 8: 100%
  Sorting block of length 22101324 for bucket 8
  (Using difference cover)
  Sorting block time: 00:00:03
Returning block of 22101325 for bucket 8
Exited Ebwt loop
fchr[A]: 0
fchr[C]: 31826618
fchr[G]: 65992878
fchr[T]: 99867010
fchr[$]: 130671889
Exiting Ebwt::buildToDisk()
Returning from initFromVector
Wrote 60159089 bytes to primary EBWT file: /workspaces/Capstone/work/read_mapping/mapped/SRR32256216.contigs.idx.1.bt2.tmp
Wrote 32667980 bytes to secondary EBWT file: /workspaces/Capstone/work/read_mapping/mapped/SRR32256216.contigs.idx.2.bt2.tmp
Re-opening _in1 and _in2 as input streams
Returning from Ebwt constructor
Headers:
    len: 130671889
    bwtLen: 130671890
    sz: 32667973
    bwtSz: 32667973
    lineRate: 6
    offRate: 4
    offMask: 0xfffffff0
    ftabChars: 10
    eftabLen: 20
    eftabSz: 80
    ftabLen: 1048577
    ftabSz: 4194308
    offsLen: 8166994
    offsSz: 32667976
    lineSz: 64
    sideSz: 64
    sideBwtSz: 48
    sideBwtLen: 192
    numSides: 680583
    numLines: 680583
    ebwtTotLen: 43557312
    ebwtTotSz: 43557312
    color: 0
    reverse: 0
Total time for call to driver() for forward index: 00:00:51
Reading reference sizes
  Time reading reference sizes: 00:00:00
Calculating joined length
Writing header
Reserving space for joined string
Joining reference sequences
  Time to join reference sequences: 00:00:01
  Time to reverse reference sequence: 00:00:00
bmax according to bmaxDivN setting: 32667972
Using parameters --bmax 24500979 --dcv 1024
  Doing ahead-of-time memory usage test
  Passed!  Constructing with these parameters: --bmax 24500979 --dcv 1024
Constructing suffix-array element generator
Building DifferenceCoverSample
  Building sPrime
  Building sPrimeOrder
  V-Sorting samples
  V-Sorting samples time: 00:00:01
  Allocating rank array
  Ranking v-sort output
  Ranking v-sort output time: 00:00:01
  Invoking Larsson-Sadakane on ranks
  Invoking Larsson-Sadakane on ranks time: 00:00:01
  Sanity-checking and returning
Building samples
Reserving space for 12 sample suffixes
Generating random suffixes
QSorting 12 sample offsets, eliminating duplicates
QSorting sample offsets, eliminating duplicates time: 00:00:00
Multikey QSorting 12 samples
  (Using difference cover)
  Multikey QSorting samples time: 00:00:00
Calculating bucket sizes
Splitting and merging
  Splitting and merging time: 00:00:00
Split 1, merged 6; iterating...
Splitting and merging
  Splitting and merging time: 00:00:00
Split 1, merged 0; iterating...
Splitting and merging
  Splitting and merging time: 00:00:00
Split 1, merged 1; iterating...
Splitting and merging
  Splitting and merging time: 00:00:00
Avg bucket size: 1.6334e+07 (target: 24500978)
Converting suffix-array elements to index image
Allocating ftab, absorbFtab
Entering Ebwt loop
Getting block 1 of 8
  Reserving size (24500979) for bucket 1
  Calculating Z arrays for bucket 1
  Entering block accumulator loop for bucket 1:
  bucket 1: 10%
  bucket 1: 20%
  bucket 1: 30%
  bucket 1: 40%
  bucket 1: 50%
  bucket 1: 60%
  bucket 1: 70%
  bucket 1: 80%
  bucket 1: 90%
  bucket 1: 100%
  Sorting block of length 18997553 for bucket 1
  (Using difference cover)
  Sorting block time: 00:00:02
Returning block of 18997554 for bucket 1
Getting block 2 of 8
  Reserving size (24500979) for bucket 2
  Calculating Z arrays for bucket 2
  Entering block accumulator loop for bucket 2:
  bucket 2: 10%
  bucket 2: 20%
  bucket 2: 30%
  bucket 2: 40%
  bucket 2: 50%
  bucket 2: 60%
  bucket 2: 70%
  bucket 2: 80%
  bucket 2: 90%
  bucket 2: 100%
  Sorting block of length 21137910 for bucket 2
  (Using difference cover)
  Sorting block time: 00:00:03
Returning block of 21137911 for bucket 2
Getting block 3 of 8
  Reserving size (24500979) for bucket 3
  Calculating Z arrays for bucket 3
  Entering block accumulator loop for bucket 3:
  bucket 3: 10%
  bucket 3: 20%
  bucket 3: 30%
  bucket 3: 40%
  bucket 3: 50%
  bucket 3: 60%
  bucket 3: 70%
  bucket 3: 80%
  bucket 3: 90%
  bucket 3: 100%
  Sorting block of length 6543070 for bucket 3
  (Using difference cover)
  Sorting block time: 00:00:01
Returning block of 6543071 for bucket 3
Getting block 4 of 8
  Reserving size (24500979) for bucket 4
  Calculating Z arrays for bucket 4
  Entering block accumulator loop for bucket 4:
  bucket 4: 10%
  bucket 4: 20%
  bucket 4: 30%
  bucket 4: 40%
  bucket 4: 50%
  bucket 4: 60%
  bucket 4: 70%
  bucket 4: 80%
  bucket 4: 90%
  bucket 4: 100%
  Sorting block of length 21039899 for bucket 4
  (Using difference cover)
  Sorting block time: 00:00:02
Returning block of 21039900 for bucket 4
Getting block 5 of 8
  Reserving size (24500979) for bucket 5
  Calculating Z arrays for bucket 5
  Entering block accumulator loop for bucket 5:
  bucket 5: 10%
  bucket 5: 20%
  bucket 5: 30%
  bucket 5: 40%
  bucket 5: 50%
  bucket 5: 60%
  bucket 5: 70%
  bucket 5: 80%
  bucket 5: 90%
  bucket 5: 100%
  Sorting block of length 7608660 for bucket 5
  (Using difference cover)
  Sorting block time: 00:00:01
Returning block of 7608661 for bucket 5
Getting block 6 of 8
  Reserving size (24500979) for bucket 6
  Calculating Z arrays for bucket 6
  Entering block accumulator loop for bucket 6:
  bucket 6: 10%
  bucket 6: 20%
  bucket 6: 30%
  bucket 6: 40%
  bucket 6: 50%
  bucket 6: 60%
  bucket 6: 70%
  bucket 6: 80%
  bucket 6: 90%
  bucket 6: 100%
  Sorting block of length 23958153 for bucket 6
  (Using difference cover)
  Sorting block time: 00:00:03
Returning block of 23958154 for bucket 6
Getting block 7 of 8
  Reserving size (24500979) for bucket 7
  Calculating Z arrays for bucket 7
  Entering block accumulator loop for bucket 7:
  bucket 7: 10%
  bucket 7: 20%
  bucket 7: 30%
  bucket 7: 40%
  bucket 7: 50%
  bucket 7: 60%
  bucket 7: 70%
  bucket 7: 80%
  bucket 7: 90%
  bucket 7: 100%
  Sorting block of length 23059599 for bucket 7
  (Using difference cover)
  Sorting block time: 00:00:03
Returning block of 23059600 for bucket 7
Getting block 8 of 8
  Reserving size (24500979) for bucket 8
  Calculating Z arrays for bucket 8
  Entering block accumulator loop for bucket 8:
  bucket 8: 10%
  bucket 8: 20%
  bucket 8: 30%
  bucket 8: 40%
  bucket 8: 50%
  bucket 8: 60%
  bucket 8: 70%
  bucket 8: 80%
  bucket 8: 90%
  bucket 8: 100%
  Sorting block of length 8327038 for bucket 8
  (Using difference cover)
  Sorting block time: 00:00:01
Returning block of 8327039 for bucket 8
Exited Ebwt loop
fchr[A]: 0
fchr[C]: 31826618
fchr[G]: 65992878
fchr[T]: 99867010
fchr[$]: 130671889
Exiting Ebwt::buildToDisk()
Returning from initFromVector
Wrote 60159089 bytes to primary EBWT file: /workspaces/Capstone/work/read_mapping/mapped/SRR32256216.contigs.idx.rev.1.bt2.tmp
Wrote 32667980 bytes to secondary EBWT file: /workspaces/Capstone/work/read_mapping/mapped/SRR32256216.contigs.idx.rev.2.bt2.tmp
Re-opening _in1 and _in2 as input streams
Returning from Ebwt constructor
Headers:
    len: 130671889
    bwtLen: 130671890
    sz: 32667973
    bwtSz: 32667973
    lineRate: 6
    offRate: 4
    offMask: 0xfffffff0
    ftabChars: 10
    eftabLen: 20
    eftabSz: 80
    ftabLen: 1048577
    ftabSz: 4194308
    offsLen: 8166994
    offsSz: 32667976
    lineSz: 64
    sideSz: 64
    sideBwtSz: 48
    sideBwtLen: 192
    numSides: 680583
    numLines: 680583
    ebwtTotLen: 43557312
    ebwtTotSz: 43557312
    color: 0
    reverse: 1
Total time for backward call to driver() for mirror index: 00:00:55
Renaming /workspaces/Capstone/work/read_mapping/mapped/SRR32256216.contigs.idx.3.bt2.tmp to /workspaces/Capstone/work/read_mapping/mapped/SRR32256216.contigs.idx.3.bt2
Renaming /workspaces/Capstone/work/read_mapping/mapped/SRR32256216.contigs.idx.4.bt2.tmp to /workspaces/Capstone/work/read_mapping/mapped/SRR32256216.contigs.idx.4.bt2
Renaming /workspaces/Capstone/work/read_mapping/mapped/SRR32256216.contigs.idx.1.bt2.tmp to /workspaces/Capstone/work/read_mapping/mapped/SRR32256216.contigs.idx.1.bt2
Renaming /workspaces/Capstone/work/read_mapping/mapped/SRR32256216.contigs.idx.2.bt2.tmp to /workspaces/Capstone/work/read_mapping/mapped/SRR32256216.contigs.idx.2.bt2
Renaming /workspaces/Capstone/work/read_mapping/mapped/SRR32256216.contigs.idx.rev.1.bt2.tmp to /workspaces/Capstone/work/read_mapping/mapped/SRR32256216.contigs.idx.rev.1.bt2
Renaming /workspaces/Capstone/work/read_mapping/mapped/SRR32256216.contigs.idx.rev.2.bt2.tmp to /workspaces/Capstone/work/read_mapping/mapped/SRR32256216.contigs.idx.rev.2.bt2
Mapping SRR32256216...
[WARNING] Failed to launch x86-64-v3 version, staying with default
[WARNING] Failed to launch x86-64-v3 version, staying with default
30098813 reads; of these:
  30098813 (100.00%) were paired; of these:
    26863489 (89.25%) aligned concordantly 0 times
    3235044 (10.75%) aligned concordantly exactly 1 time
    280 (0.00%) aligned concordantly >1 times
    ----
    26863489 pairs aligned concordantly 0 times; of these:
      217283 (0.81%) aligned discordantly 1 time
    ----
    26646206 pairs aligned 0 times concordantly or discordantly; of these:
      53292412 mates make up the pairs; of these:
        52482219 (98.48%) aligned 0 times
        810060 (1.52%) aligned exactly 1 time
        133 (0.00%) aligned >1 times
12.82% overall alignment rate
DONE SRR32256216 -> /workspaces/Capstone/work/read_mapping/mapped/SRR32256216.sorted.bam (FASTQ cleaned up)
=== SRR32256216 ===
Using contigs: /workspaces/Capstone/work/prokka/SRR32256216/SRR32256216.fna
SKIP: existing BAM found at /workspaces/Capstone/work/read_mapping/mapped/SRR32256216.sorted.bam
=== SRR32256216 ===
Using contigs: /workspaces/Capstone/work/prokka/SRR32256216/SRR32256216.fna
SKIP: existing BAM found at /workspaces/Capstone/work/read_mapping/mapped/SRR32256216.sorted.bam
=== SRR32256216 ===
Using contigs: /workspaces/Capstone/work/prokka/SRR32256216/SRR32256216.fna
SKIP: existing BAM found at /workspaces/Capstone/work/read_mapping/mapped/SRR32256216.sorted.bam
